0 info it worked if it ends with ok
1 verbose cli [ '/usr/bin/nodejs',
1 verbose cli   '/usr/bin/npm',
1 verbose cli   'install',
1 verbose cli   'coverage',
1 verbose cli   '--save-dev' ]
2 info using npm@3.5.2
3 info using node@v4.2.6
4 silly loadCurrentTree Starting
5 silly install loadCurrentTree
6 silly install readLocalPackageData
7 silly fetchPackageMetaData coverage
8 silly fetchNamedPackageData coverage
9 silly mapToRegistry name coverage
10 silly mapToRegistry using default registry
11 silly mapToRegistry registry https://registry.npmjs.org/
12 silly mapToRegistry uri https://registry.npmjs.org/coverage
13 verbose request uri https://registry.npmjs.org/coverage
14 verbose request no auth needed
15 info attempt registry request try #1 at 10:38:45 PM
16 verbose request id d3912c68597b560b
17 http request GET https://registry.npmjs.org/coverage
18 http 200 https://registry.npmjs.org/coverage
19 verbose headers { server: 'nginx/1.10.1',
19 verbose headers   'content-type': 'application/json',
19 verbose headers   'last-modified': 'Wed, 25 Dec 2013 18:17:32 GMT',
19 verbose headers   etag: 'W/"52bb213c-487"',
19 verbose headers   'content-encoding': 'gzip',
19 verbose headers   'cache-control': 'max-age=300',
19 verbose headers   'content-length': '550',
19 verbose headers   'accept-ranges': 'bytes',
19 verbose headers   date: 'Sun, 18 Dec 2016 13:38:46 GMT',
19 verbose headers   via: '1.1 varnish',
19 verbose headers   age: '0',
19 verbose headers   connection: 'keep-alive',
19 verbose headers   'x-served-by': 'cache-itm7423-ITM',
19 verbose headers   'x-cache': 'MISS',
19 verbose headers   'x-cache-hits': '0',
19 verbose headers   'x-timer': 'S1482068325.604846,VS0,VE561',
19 verbose headers   vary: 'Accept-Encoding' }
20 silly get cb [ 200,
20 silly get   { server: 'nginx/1.10.1',
20 silly get     'content-type': 'application/json',
20 silly get     'last-modified': 'Wed, 25 Dec 2013 18:17:32 GMT',
20 silly get     etag: 'W/"52bb213c-487"',
20 silly get     'content-encoding': 'gzip',
20 silly get     'cache-control': 'max-age=300',
20 silly get     'content-length': '550',
20 silly get     'accept-ranges': 'bytes',
20 silly get     date: 'Sun, 18 Dec 2016 13:38:46 GMT',
20 silly get     via: '1.1 varnish',
20 silly get     age: '0',
20 silly get     connection: 'keep-alive',
20 silly get     'x-served-by': 'cache-itm7423-ITM',
20 silly get     'x-cache': 'MISS',
20 silly get     'x-cache-hits': '0',
20 silly get     'x-timer': 'S1482068325.604846,VS0,VE561',
20 silly get     vary: 'Accept-Encoding' } ]
21 verbose get saving coverage to /home/laozi/.npm/registry.npmjs.org/coverage/.cache.json
22 silly install normalizeTree
23 silly loadCurrentTree Finishing
24 silly loadIdealTree Starting
25 silly install loadIdealTree
26 silly cloneCurrentTree Starting
27 silly install cloneCurrentTreeToIdealTree
28 silly cloneCurrentTree Finishing
29 silly loadShrinkwrap Starting
30 silly install loadShrinkwrap
31 silly loadShrinkwrap Finishing
32 silly loadAllDepsIntoIdealTree Starting
33 silly install loadAllDepsIntoIdealTree
34 silly resolveWithNewModule coverage@0.0.0 checking installable status
35 silly cache add args [ 'coverage', null ]
36 verbose cache add spec coverage
37 silly cache add parsed spec Result {
37 silly cache add   raw: 'coverage',
37 silly cache add   scope: null,
37 silly cache add   name: 'coverage',
37 silly cache add   rawSpec: '',
37 silly cache add   spec: 'latest',
37 silly cache add   type: 'tag' }
38 silly addNamed coverage@latest
39 verbose addNamed "latest" is being treated as a dist-tag for coverage
40 info addNameTag [ 'coverage', 'latest' ]
41 silly mapToRegistry name coverage
42 silly mapToRegistry using default registry
43 silly mapToRegistry registry https://registry.npmjs.org/
44 silly mapToRegistry uri https://registry.npmjs.org/coverage
45 verbose addNameTag registry:https://registry.npmjs.org/coverage not in flight; fetching
46 verbose get https://registry.npmjs.org/coverage not expired, no request
47 silly addNameTag next cb for coverage with tag latest
48 silly addNamed coverage@0.0.0
49 verbose addNamed "0.0.0" is a plain semver version for coverage
50 silly mapToRegistry name coverage
51 silly mapToRegistry using default registry
52 silly mapToRegistry registry https://registry.npmjs.org/
53 silly mapToRegistry uri https://registry.npmjs.org/coverage
54 verbose addRemoteTarball https://registry.npmjs.org/coverage/-/coverage-0.0.0.tgz not in flight; adding
55 verbose addRemoteTarball [ 'https://registry.npmjs.org/coverage/-/coverage-0.0.0.tgz',
55 verbose addRemoteTarball   'fe35dfd6258e2cce0295e37145e689ae7f156620' ]
56 info retry fetch attempt 1 at 10:38:46 PM
57 info attempt registry request try #1 at 10:38:46 PM
58 http fetch GET https://registry.npmjs.org/coverage/-/coverage-0.0.0.tgz
59 http fetch 200 https://registry.npmjs.org/coverage/-/coverage-0.0.0.tgz
60 silly fetchAndShaCheck shasum fe35dfd6258e2cce0295e37145e689ae7f156620
61 verbose addTmpTarball /tmp/npm-13239-8fb4a8d2/registry.npmjs.org/coverage/-/coverage-0.0.0.tgz not in flight; adding
62 verbose addTmpTarball already have metadata; skipping unpack for coverage@0.0.0
63 silly cache afterAdd coverage@0.0.0
64 verbose afterAdd /home/laozi/.npm/coverage/0.0.0/package/package.json not in flight; writing
65 verbose afterAdd /home/laozi/.npm/coverage/0.0.0/package/package.json written
66 silly fetchNamedPackageData fsevents
67 silly mapToRegistry name fsevents
68 silly mapToRegistry using default registry
69 silly mapToRegistry registry https://registry.npmjs.org/
70 silly mapToRegistry uri https://registry.npmjs.org/fsevents
71 verbose request uri https://registry.npmjs.org/fsevents
72 verbose request no auth needed
73 info attempt registry request try #1 at 10:38:47 PM
74 verbose etag W/"58352bb5-bb79"
75 verbose lastModified Wed, 23 Nov 2016 05:40:05 GMT
76 http request GET https://registry.npmjs.org/fsevents
77 http 304 https://registry.npmjs.org/fsevents
78 verbose headers { date: 'Sun, 18 Dec 2016 13:38:47 GMT',
78 verbose headers   via: '1.1 varnish',
78 verbose headers   'cache-control': 'max-age=300',
78 verbose headers   etag: 'W/"58352bb5-bb79"',
78 verbose headers   age: '148',
78 verbose headers   connection: 'keep-alive',
78 verbose headers   'x-served-by': 'cache-itm7424-ITM',
78 verbose headers   'x-cache': 'HIT',
78 verbose headers   'x-cache-hits': '3',
78 verbose headers   'x-timer': 'S1482068327.612124,VS0,VE0',
78 verbose headers   vary: 'Accept-Encoding' }
79 silly get cb [ 304,
79 silly get   { date: 'Sun, 18 Dec 2016 13:38:47 GMT',
79 silly get     via: '1.1 varnish',
79 silly get     'cache-control': 'max-age=300',
79 silly get     etag: 'W/"58352bb5-bb79"',
79 silly get     age: '148',
79 silly get     connection: 'keep-alive',
79 silly get     'x-served-by': 'cache-itm7424-ITM',
79 silly get     'x-cache': 'HIT',
79 silly get     'x-cache-hits': '3',
79 silly get     'x-timer': 'S1482068327.612124,VS0,VE0',
79 silly get     vary: 'Accept-Encoding' } ]
80 verbose etag https://registry.npmjs.org/fsevents from cache
81 verbose get saving fsevents to /home/laozi/.npm/registry.npmjs.org/fsevents/.cache.json
82 silly resolveWithNewModule fsevents@1.0.15 checking installable status
83 silly loadAllDepsIntoIdealTree Finishing
84 silly idealTree:prePrune tdd@1.0.0
84 silly idealTree:prePrune ├── abbrev@1.0.9
84 silly idealTree:prePrune ├── accepts@1.3.3
84 silly idealTree:prePrune ├── acorn-jsx@3.0.1
84 silly idealTree:prePrune ├── acorn-object-spread@1.0.0
84 silly idealTree:prePrune ├── acorn@3.3.0
84 silly idealTree:prePrune ├── after@0.8.1
84 silly idealTree:prePrune ├── align-text@0.1.4
84 silly idealTree:prePrune ├── amdefine@1.0.1
84 silly idealTree:prePrune ├── ansi-regex@2.0.0
84 silly idealTree:prePrune ├── ansi-styles@2.2.1
84 silly idealTree:prePrune ├── anymatch@1.3.0
84 silly idealTree:prePrune ├── archy@1.0.0
84 silly idealTree:prePrune ├── argparse@1.0.9
84 silly idealTree:prePrune ├── arr-diff@2.0.0
84 silly idealTree:prePrune ├── arr-flatten@1.0.1
84 silly idealTree:prePrune ├── array-differ@1.0.0
84 silly idealTree:prePrune ├── array-find-index@1.0.2
84 silly idealTree:prePrune ├── array-flatten@1.1.1
84 silly idealTree:prePrune ├── array-slice@0.2.3
84 silly idealTree:prePrune ├── array-uniq@1.0.3
84 silly idealTree:prePrune ├── array-unique@0.2.1
84 silly idealTree:prePrune ├── arraybuffer.slice@0.0.6
84 silly idealTree:prePrune ├── arrify@1.0.1
84 silly idealTree:prePrune ├── asn1@0.2.3
84 silly idealTree:prePrune ├── assert-plus@0.2.0
84 silly idealTree:prePrune ├── async-each-series@0.1.1
84 silly idealTree:prePrune ├── async-each@1.0.1
84 silly idealTree:prePrune ├── async@1.5.2
84 silly idealTree:prePrune ├── asynckit@0.4.0
84 silly idealTree:prePrune ├── aws-sign2@0.6.0
84 silly idealTree:prePrune ├── aws4@1.5.0
84 silly idealTree:prePrune ├── backo2@1.0.2
84 silly idealTree:prePrune ├── balanced-match@0.4.2
84 silly idealTree:prePrune ├── base64-arraybuffer@0.1.5
84 silly idealTree:prePrune ├── base64id@0.1.0
84 silly idealTree:prePrune ├── batch@0.5.3
84 silly idealTree:prePrune ├── bcrypt-pbkdf@1.0.0
84 silly idealTree:prePrune ├── beeper@1.1.1
84 silly idealTree:prePrune ├── benchmark@1.0.0
84 silly idealTree:prePrune ├── better-assert@1.0.2
84 silly idealTree:prePrune ├── binary-extensions@1.8.0
84 silly idealTree:prePrune ├── blob@0.0.4
84 silly idealTree:prePrune ├── bluebird@3.4.6
84 silly idealTree:prePrune ├─┬ body-parser@1.15.2
84 silly idealTree:prePrune │ └── qs@6.2.0
84 silly idealTree:prePrune ├── boom@2.10.1
84 silly idealTree:prePrune ├── brace-expansion@1.1.6
84 silly idealTree:prePrune ├── braces@1.8.5
84 silly idealTree:prePrune ├── browser-stdout@1.3.0
84 silly idealTree:prePrune ├── browser-sync-client@2.4.4
84 silly idealTree:prePrune ├── browser-sync-ui@0.6.2
84 silly idealTree:prePrune ├── browser-sync@2.18.5
84 silly idealTree:prePrune ├── browsersync@0.0.1-security
84 silly idealTree:prePrune ├── bs-recipes@1.3.2
84 silly idealTree:prePrune ├── buble@0.12.5
84 silly idealTree:prePrune ├─┬ bubleify@0.5.1
84 silly idealTree:prePrune │ └── object-assign@4.1.0
84 silly idealTree:prePrune ├── buffer-shims@1.0.0
84 silly idealTree:prePrune ├── builtin-modules@1.1.1
84 silly idealTree:prePrune ├── bytes@2.4.0
84 silly idealTree:prePrune ├── callsite@1.0.0
84 silly idealTree:prePrune ├── camelcase-keys@2.1.0
84 silly idealTree:prePrune ├── camelcase@2.1.1
84 silly idealTree:prePrune ├── caseless@0.11.0
84 silly idealTree:prePrune ├── center-align@0.1.3
84 silly idealTree:prePrune ├── chalk@1.1.3
84 silly idealTree:prePrune ├── chokidar@1.6.1
84 silly idealTree:prePrune ├── cliui@3.2.0
84 silly idealTree:prePrune ├── clone-stats@0.0.1
84 silly idealTree:prePrune ├── clone@1.0.2
84 silly idealTree:prePrune ├── code-point-at@1.1.0
84 silly idealTree:prePrune ├── colors@1.1.2
84 silly idealTree:prePrune ├─┬ combine-lists@1.0.1
84 silly idealTree:prePrune │ └── lodash@4.17.2
84 silly idealTree:prePrune ├── combined-stream@1.0.5
84 silly idealTree:prePrune ├── commander@2.9.0
84 silly idealTree:prePrune ├── component-bind@1.0.0
84 silly idealTree:prePrune ├── component-emitter@1.1.2
84 silly idealTree:prePrune ├── component-inherit@0.0.3
84 silly idealTree:prePrune ├── concat-map@0.0.1
84 silly idealTree:prePrune ├─┬ concat-stream@1.5.0
84 silly idealTree:prePrune │ ├── isarray@1.0.0
84 silly idealTree:prePrune │ └── readable-stream@2.0.6
84 silly idealTree:prePrune ├── connect-history-api-fallback@1.3.0
84 silly idealTree:prePrune ├── connect-livereload@0.5.4
84 silly idealTree:prePrune ├── connect@3.5.0
84 silly idealTree:prePrune ├── content-disposition@0.5.1
84 silly idealTree:prePrune ├── content-type@1.0.2
84 silly idealTree:prePrune ├── cookie-signature@1.0.6
84 silly idealTree:prePrune ├── cookie@0.3.1
84 silly idealTree:prePrune ├── core-js@2.4.1
84 silly idealTree:prePrune ├── core-util-is@1.0.2
84 silly idealTree:prePrune ├── cors@2.8.1
84 silly idealTree:prePrune ├── coverage@0.0.0
84 silly idealTree:prePrune ├── cryptiles@2.0.5
84 silly idealTree:prePrune ├── currently-unhandled@0.4.1
84 silly idealTree:prePrune ├── custom-event@1.0.1
84 silly idealTree:prePrune ├─┬ dashdash@1.14.1
84 silly idealTree:prePrune │ └── assert-plus@1.0.0
84 silly idealTree:prePrune ├── dateformat@1.0.12
84 silly idealTree:prePrune ├── debug@2.2.0
84 silly idealTree:prePrune ├── decamelize@1.2.0
84 silly idealTree:prePrune ├── deep-is@0.1.3
84 silly idealTree:prePrune ├── deepmerge@0.2.10
84 silly idealTree:prePrune ├── defaults@1.0.3
84 silly idealTree:prePrune ├── delayed-stream@1.0.0
84 silly idealTree:prePrune ├── depd@1.1.0
84 silly idealTree:prePrune ├── deprecated@0.0.1
84 silly idealTree:prePrune ├── destroy@1.0.4
84 silly idealTree:prePrune ├── detect-file@0.1.0
84 silly idealTree:prePrune ├── dev-ip@1.0.1
84 silly idealTree:prePrune ├── di@0.0.1
84 silly idealTree:prePrune ├── diff@1.4.0
84 silly idealTree:prePrune ├── dom-serialize@2.2.1
84 silly idealTree:prePrune ├── duplexer@0.1.1
84 silly idealTree:prePrune ├── duplexer2@0.0.2
84 silly idealTree:prePrune ├─┬ easy-extender@2.3.2
84 silly idealTree:prePrune │ └── lodash@3.10.1
84 silly idealTree:prePrune ├── eazy-logger@3.0.2
84 silly idealTree:prePrune ├── ecc-jsbn@0.1.1
84 silly idealTree:prePrune ├── ee-first@1.1.1
84 silly idealTree:prePrune ├── emitter-steward@1.0.0
84 silly idealTree:prePrune ├── encodeurl@1.0.1
84 silly idealTree:prePrune ├── end-of-stream@0.1.5
84 silly idealTree:prePrune ├─┬ engine.io-client@1.8.0
84 silly idealTree:prePrune │ ├── component-emitter@1.2.1
84 silly idealTree:prePrune │ ├── debug@2.3.3
84 silly idealTree:prePrune │ └── ms@0.7.2
84 silly idealTree:prePrune ├─┬ engine.io-parser@1.3.1
84 silly idealTree:prePrune │ └── has-binary@0.1.6
84 silly idealTree:prePrune ├─┬ engine.io@1.8.0
84 silly idealTree:prePrune │ ├── debug@2.3.3
84 silly idealTree:prePrune │ └── ms@0.7.2
84 silly idealTree:prePrune ├── ent@2.2.0
84 silly idealTree:prePrune ├── error-ex@1.3.0
84 silly idealTree:prePrune ├── es6-promise@4.0.5
84 silly idealTree:prePrune ├── escape-html@1.0.3
84 silly idealTree:prePrune ├── escape-string-regexp@1.0.5
84 silly idealTree:prePrune ├─┬ escodegen@1.8.1
84 silly idealTree:prePrune │ └── source-map@0.2.0
84 silly idealTree:prePrune ├── esprima@2.7.3
84 silly idealTree:prePrune ├── estraverse@1.9.3
84 silly idealTree:prePrune ├── esutils@2.0.2
84 silly idealTree:prePrune ├── etag@1.7.0
84 silly idealTree:prePrune ├── event-stream@3.2.2
84 silly idealTree:prePrune ├── eventemitter3@1.2.0
84 silly idealTree:prePrune ├─┬ expand-braces@0.1.2
84 silly idealTree:prePrune │ ├── braces@0.1.5
84 silly idealTree:prePrune │ ├── expand-range@0.1.1
84 silly idealTree:prePrune │ ├── is-number@0.1.1
84 silly idealTree:prePrune │ └── repeat-string@0.2.2
84 silly idealTree:prePrune ├── expand-brackets@0.1.5
84 silly idealTree:prePrune ├── expand-range@1.8.2
84 silly idealTree:prePrune ├── expand-tilde@1.2.2
84 silly idealTree:prePrune ├─┬ express@4.14.0
84 silly idealTree:prePrune │ └── qs@6.2.0
84 silly idealTree:prePrune ├── extend@3.0.0
84 silly idealTree:prePrune ├── extglob@0.3.2
84 silly idealTree:prePrune ├─┬ extract-zip@1.5.0
84 silly idealTree:prePrune │ ├── debug@0.7.4
84 silly idealTree:prePrune │ ├── minimist@0.0.8
84 silly idealTree:prePrune │ └── mkdirp@0.5.0
84 silly idealTree:prePrune ├── extsprintf@1.0.2
84 silly idealTree:prePrune ├── fancy-log@1.2.0
84 silly idealTree:prePrune ├── fast-levenshtein@2.0.5
84 silly idealTree:prePrune ├── faye-websocket@0.7.3
84 silly idealTree:prePrune ├── fd-slicer@1.0.1
84 silly idealTree:prePrune ├── filename-regex@2.0.0
84 silly idealTree:prePrune ├── fill-range@2.2.3
84 silly idealTree:prePrune ├── finalhandler@0.5.0
84 silly idealTree:prePrune ├── find-index@0.1.1
84 silly idealTree:prePrune ├── find-up@1.1.2
84 silly idealTree:prePrune ├── findup-sync@0.4.3
84 silly idealTree:prePrune ├── fined@1.0.2
84 silly idealTree:prePrune ├── first-chunk-stream@1.0.0
84 silly idealTree:prePrune ├── flagged-respawn@0.3.2
84 silly idealTree:prePrune ├── for-in@0.1.6
84 silly idealTree:prePrune ├── for-own@0.1.4
84 silly idealTree:prePrune ├── forever-agent@0.6.1
84 silly idealTree:prePrune ├── form-data@2.1.2
84 silly idealTree:prePrune ├── formidable@1.0.17
84 silly idealTree:prePrune ├── forwarded@0.1.0
84 silly idealTree:prePrune ├── fresh@0.3.0
84 silly idealTree:prePrune ├── from@0.1.3
84 silly idealTree:prePrune ├── fs-exists-sync@0.1.0
84 silly idealTree:prePrune ├── fs-extra@1.0.0
84 silly idealTree:prePrune ├── fs.realpath@1.0.0
84 silly idealTree:prePrune ├── gaze@0.5.2
84 silly idealTree:prePrune ├── generate-function@2.0.0
84 silly idealTree:prePrune ├── generate-object-property@1.2.0
84 silly idealTree:prePrune ├── get-caller-file@1.0.2
84 silly idealTree:prePrune ├── get-stdin@4.0.1
84 silly idealTree:prePrune ├─┬ getpass@0.1.6
84 silly idealTree:prePrune │ └── assert-plus@1.0.0
84 silly idealTree:prePrune ├── glob-base@0.3.0
84 silly idealTree:prePrune ├── glob-parent@2.0.0
84 silly idealTree:prePrune ├─┬ glob-stream@3.1.18
84 silly idealTree:prePrune │ ├── readable-stream@1.0.34
84 silly idealTree:prePrune │ └── through2@0.6.5
84 silly idealTree:prePrune ├── glob-watcher@0.0.6
84 silly idealTree:prePrune ├── glob@4.5.3
84 silly idealTree:prePrune ├── glob2base@0.0.12
84 silly idealTree:prePrune ├── global-modules@0.2.3
84 silly idealTree:prePrune ├── global-prefix@0.1.5
84 silly idealTree:prePrune ├─┬ globule@0.1.0
84 silly idealTree:prePrune │ ├── glob@3.1.21
84 silly idealTree:prePrune │ ├── graceful-fs@1.2.3
84 silly idealTree:prePrune │ ├── inherits@1.0.2
84 silly idealTree:prePrune │ └── minimatch@0.2.14
84 silly idealTree:prePrune ├── glogg@1.0.0
84 silly idealTree:prePrune ├── graceful-fs@4.1.11
84 silly idealTree:prePrune ├── graceful-readlink@1.0.1
84 silly idealTree:prePrune ├── growl@1.9.2
84 silly idealTree:prePrune ├── gulp-live-server@0.0.30
84 silly idealTree:prePrune ├── gulp-util@3.0.7
84 silly idealTree:prePrune ├── gulp@3.9.1
84 silly idealTree:prePrune ├── gulplog@1.0.0
84 silly idealTree:prePrune ├─┬ handlebars@4.0.6
84 silly idealTree:prePrune │ └── source-map@0.4.4
84 silly idealTree:prePrune ├── har-validator@2.0.6
84 silly idealTree:prePrune ├── has-ansi@2.0.0
84 silly idealTree:prePrune ├── has-binary@0.1.7
84 silly idealTree:prePrune ├── has-cors@1.1.0
84 silly idealTree:prePrune ├── has-flag@1.0.0
84 silly idealTree:prePrune ├── has-gulplog@0.1.0
84 silly idealTree:prePrune ├── hasha@2.2.0
84 silly idealTree:prePrune ├── hawk@3.1.3
84 silly idealTree:prePrune ├── hoek@2.16.3
84 silly idealTree:prePrune ├── homedir-polyfill@1.0.1
84 silly idealTree:prePrune ├── hosted-git-info@2.1.5
84 silly idealTree:prePrune ├── http-errors@1.5.1
84 silly idealTree:prePrune ├── http-proxy@1.15.2
84 silly idealTree:prePrune ├── http-signature@1.1.1
84 silly idealTree:prePrune ├── iconv-lite@0.4.13
84 silly idealTree:prePrune ├── immutable@3.8.1
84 silly idealTree:prePrune ├── indent-string@2.1.0
84 silly idealTree:prePrune ├── indexof@0.0.1
84 silly idealTree:prePrune ├── inflight@1.0.6
84 silly idealTree:prePrune ├── inherits@2.0.3
84 silly idealTree:prePrune ├── ini@1.3.4
84 silly idealTree:prePrune ├── interpret@1.0.1
84 silly idealTree:prePrune ├── invert-kv@1.0.0
84 silly idealTree:prePrune ├── ipaddr.js@1.1.1
84 silly idealTree:prePrune ├── is-absolute@0.2.6
84 silly idealTree:prePrune ├── is-arrayish@0.2.1
84 silly idealTree:prePrune ├── is-binary-path@1.0.1
84 silly idealTree:prePrune ├── is-buffer@1.1.4
84 silly idealTree:prePrune ├── is-builtin-module@1.0.0
84 silly idealTree:prePrune ├── is-dotfile@1.0.2
84 silly idealTree:prePrune ├── is-equal-shallow@0.1.3
84 silly idealTree:prePrune ├── is-extendable@0.1.1
84 silly idealTree:prePrune ├── is-extglob@1.0.0
84 silly idealTree:prePrune ├── is-finite@1.0.2
84 silly idealTree:prePrune ├── is-fullwidth-code-point@1.0.0
84 silly idealTree:prePrune ├── is-glob@2.0.1
84 silly idealTree:prePrune ├── is-my-json-valid@2.15.0
84 silly idealTree:prePrune ├── is-number-like@1.0.7
84 silly idealTree:prePrune ├── is-number@2.1.0
84 silly idealTree:prePrune ├── is-posix-bracket@0.1.1
84 silly idealTree:prePrune ├── is-primitive@2.0.0
84 silly idealTree:prePrune ├── is-property@1.0.2
84 silly idealTree:prePrune ├── is-relative@0.2.1
84 silly idealTree:prePrune ├── is-stream@1.1.0
84 silly idealTree:prePrune ├── is-typedarray@1.0.0
84 silly idealTree:prePrune ├── is-unc-path@0.1.2
84 silly idealTree:prePrune ├── is-utf8@0.2.1
84 silly idealTree:prePrune ├── is-windows@0.2.0
84 silly idealTree:prePrune ├── isarray@0.0.1
84 silly idealTree:prePrune ├── isbinaryfile@3.0.1
84 silly idealTree:prePrune ├── isexe@1.1.2
84 silly idealTree:prePrune ├─┬ isobject@2.1.0
84 silly idealTree:prePrune │ └── isarray@1.0.0
84 silly idealTree:prePrune ├── isstream@0.1.2
84 silly idealTree:prePrune ├─┬ istanbul@0.4.5
84 silly idealTree:prePrune │ ├── glob@5.0.15
84 silly idealTree:prePrune │ ├── resolve@1.1.7
84 silly idealTree:prePrune │ ├── supports-color@3.1.2
84 silly idealTree:prePrune │ └── wordwrap@1.0.0
84 silly idealTree:prePrune ├── jodid25519@1.0.2
84 silly idealTree:prePrune ├── js-yaml@3.7.0
84 silly idealTree:prePrune ├── jsbn@0.1.0
84 silly idealTree:prePrune ├── json-schema@0.2.3
84 silly idealTree:prePrune ├── json-stringify-safe@5.0.1
84 silly idealTree:prePrune ├── json3@3.3.2
84 silly idealTree:prePrune ├── jsonfile@2.4.0
84 silly idealTree:prePrune ├── jsonpointer@4.0.0
84 silly idealTree:prePrune ├── jsprim@1.3.1
84 silly idealTree:prePrune ├─┬ karma-coverage@1.1.1
84 silly idealTree:prePrune │ ├── lodash@3.10.1
84 silly idealTree:prePrune │ └── minimatch@3.0.3
84 silly idealTree:prePrune ├── karma-mocha-reporter@2.2.1
84 silly idealTree:prePrune ├── karma-mocha@1.3.0
84 silly idealTree:prePrune ├─┬ karma-phantomjs-launcher@1.0.2
84 silly idealTree:prePrune │ └── lodash@4.17.2
84 silly idealTree:prePrune ├─┬ karma@1.3.0
84 silly idealTree:prePrune │ ├── accepts@1.1.4
84 silly idealTree:prePrune │ ├── base64-arraybuffer@0.1.2
84 silly idealTree:prePrune │ ├── engine.io-client@1.6.9
84 silly idealTree:prePrune │ ├─┬ engine.io-parser@1.2.4
84 silly idealTree:prePrune │ │ └── has-binary@0.1.6
84 silly idealTree:prePrune │ ├── engine.io@1.6.10
84 silly idealTree:prePrune │ ├── glob@7.1.1
84 silly idealTree:prePrune │ ├── json3@3.2.6
84 silly idealTree:prePrune │ ├── lodash@3.10.1
84 silly idealTree:prePrune │ ├── mime-db@1.12.0
84 silly idealTree:prePrune │ ├── mime-types@2.0.14
84 silly idealTree:prePrune │ ├── mime@1.3.4
84 silly idealTree:prePrune │ ├── minimatch@3.0.3
84 silly idealTree:prePrune │ ├── negotiator@0.4.9
84 silly idealTree:prePrune │ ├── parsejson@0.0.1
84 silly idealTree:prePrune │ ├── parseqs@0.0.2
84 silly idealTree:prePrune │ ├── parseuri@0.0.4
84 silly idealTree:prePrune │ ├─┬ socket.io-adapter@0.4.0
84 silly idealTree:prePrune │ │ └─┬ socket.io-parser@2.2.2
84 silly idealTree:prePrune │ │   └── debug@0.7.4
84 silly idealTree:prePrune │ ├─┬ socket.io-client@1.4.6
84 silly idealTree:prePrune │ │ └── component-emitter@1.2.0
84 silly idealTree:prePrune │ ├─┬ socket.io-parser@2.2.6
84 silly idealTree:prePrune │ │ └── json3@3.3.2
84 silly idealTree:prePrune │ ├── socket.io@1.4.7
84 silly idealTree:prePrune │ ├── ws@1.0.1
84 silly idealTree:prePrune │ └── xmlhttprequest-ssl@1.5.1
84 silly idealTree:prePrune ├── kew@0.7.0
84 silly idealTree:prePrune ├── kind-of@3.1.0
84 silly idealTree:prePrune ├── klaw@1.3.1
84 silly idealTree:prePrune ├── lazy-cache@1.0.4
84 silly idealTree:prePrune ├── lcid@1.0.0
84 silly idealTree:prePrune ├── levn@0.3.0
84 silly idealTree:prePrune ├── liftoff@2.3.0
84 silly idealTree:prePrune ├── limiter@1.1.0
84 silly idealTree:prePrune ├── load-json-file@1.1.0
84 silly idealTree:prePrune ├─┬ localtunnel@1.8.2
84 silly idealTree:prePrune │ ├── camelcase@1.2.1
84 silly idealTree:prePrune │ └── yargs@3.29.0
84 silly idealTree:prePrune ├── lodash._baseassign@3.2.0
84 silly idealTree:prePrune ├── lodash._basecopy@3.0.1
84 silly idealTree:prePrune ├── lodash._basecreate@3.0.3
84 silly idealTree:prePrune ├── lodash._basetostring@3.0.1
84 silly idealTree:prePrune ├── lodash._basevalues@3.0.0
84 silly idealTree:prePrune ├── lodash._getnative@3.9.1
84 silly idealTree:prePrune ├── lodash._isiterateecall@3.0.9
84 silly idealTree:prePrune ├── lodash._reescape@3.0.0
84 silly idealTree:prePrune ├── lodash._reevaluate@3.0.0
84 silly idealTree:prePrune ├── lodash._reinterpolate@3.0.0
84 silly idealTree:prePrune ├── lodash._root@3.0.1
84 silly idealTree:prePrune ├── lodash.assignwith@4.2.0
84 silly idealTree:prePrune ├── lodash.create@3.1.1
84 silly idealTree:prePrune ├── lodash.escape@3.2.0
84 silly idealTree:prePrune ├── lodash.isarguments@3.1.0
84 silly idealTree:prePrune ├── lodash.isarray@3.0.4
84 silly idealTree:prePrune ├── lodash.isempty@4.4.0
84 silly idealTree:prePrune ├── lodash.isfinite@3.3.2
84 silly idealTree:prePrune ├── lodash.isplainobject@4.0.6
84 silly idealTree:prePrune ├── lodash.isstring@4.0.1
84 silly idealTree:prePrune ├── lodash.keys@3.1.2
84 silly idealTree:prePrune ├── lodash.mapvalues@4.6.0
84 silly idealTree:prePrune ├── lodash.pick@4.4.0
84 silly idealTree:prePrune ├── lodash.restparam@3.6.1
84 silly idealTree:prePrune ├── lodash.template@3.6.2
84 silly idealTree:prePrune ├── lodash.templatesettings@3.1.1
84 silly idealTree:prePrune ├── lodash@1.0.2
84 silly idealTree:prePrune ├─┬ log4js@0.6.38
84 silly idealTree:prePrune │ └── readable-stream@1.0.34
84 silly idealTree:prePrune ├── longest@1.0.1
84 silly idealTree:prePrune ├── loud-rejection@1.6.0
84 silly idealTree:prePrune ├── lru-cache@2.7.3
84 silly idealTree:prePrune ├── magic-string@0.14.0
84 silly idealTree:prePrune ├── map-cache@0.2.2
84 silly idealTree:prePrune ├── map-obj@1.0.1
84 silly idealTree:prePrune ├── map-stream@0.1.0
84 silly idealTree:prePrune ├── media-typer@0.3.0
84 silly idealTree:prePrune ├─┬ meow@3.7.0
84 silly idealTree:prePrune │ └── object-assign@4.1.0
84 silly idealTree:prePrune ├── merge-descriptors@1.0.1
84 silly idealTree:prePrune ├── methods@1.1.2
84 silly idealTree:prePrune ├── micromatch@2.3.11
84 silly idealTree:prePrune ├── mime-db@1.25.0
84 silly idealTree:prePrune ├── mime-types@2.1.13
84 silly idealTree:prePrune ├── mime@1.2.4
84 silly idealTree:prePrune ├── minimatch@2.0.10
84 silly idealTree:prePrune ├── minimist@1.2.0
84 silly idealTree:prePrune ├─┬ mkdirp@0.5.1
84 silly idealTree:prePrune │ └── minimist@0.0.8
84 silly idealTree:prePrune ├─┬ mocha@3.2.0
84 silly idealTree:prePrune │ ├── glob@7.0.5
84 silly idealTree:prePrune │ ├── minimatch@3.0.3
84 silly idealTree:prePrune │ └── supports-color@3.1.2
84 silly idealTree:prePrune ├── ms@0.7.1
84 silly idealTree:prePrune ├── multipipe@0.1.2
84 silly idealTree:prePrune ├── natives@1.1.0
84 silly idealTree:prePrune ├── negotiator@0.6.1
84 silly idealTree:prePrune ├── node-uuid@1.4.7
84 silly idealTree:prePrune ├── nopt@3.0.6
84 silly idealTree:prePrune ├─┬ noptify@0.0.3
84 silly idealTree:prePrune │ └── nopt@2.0.0
84 silly idealTree:prePrune ├── normalize-package-data@2.3.5
84 silly idealTree:prePrune ├── normalize-path@2.0.1
84 silly idealTree:prePrune ├── number-is-nan@1.0.1
84 silly idealTree:prePrune ├── oauth-sign@0.8.2
84 silly idealTree:prePrune ├── object-assign@3.0.0
84 silly idealTree:prePrune ├── object-component@0.0.3
84 silly idealTree:prePrune ├── object-path@0.9.2
84 silly idealTree:prePrune ├── object.omit@2.0.1
84 silly idealTree:prePrune ├── on-finished@2.3.0
84 silly idealTree:prePrune ├── once@1.3.3
84 silly idealTree:prePrune ├── openurl@1.1.0
84 silly idealTree:prePrune ├─┬ opn@4.0.2
84 silly idealTree:prePrune │ └── object-assign@4.1.0
84 silly idealTree:prePrune ├─┬ optimist@0.6.1
84 silly idealTree:prePrune │ └── minimist@0.0.10
84 silly idealTree:prePrune ├─┬ optionator@0.8.2
84 silly idealTree:prePrune │ └── wordwrap@1.0.0
84 silly idealTree:prePrune ├── options@0.0.6
84 silly idealTree:prePrune ├── orchestrator@0.3.8
84 silly idealTree:prePrune ├── ordered-read-streams@0.1.0
84 silly idealTree:prePrune ├── os-homedir@1.0.2
84 silly idealTree:prePrune ├── os-locale@1.4.0
84 silly idealTree:prePrune ├── os-tmpdir@1.0.2
84 silly idealTree:prePrune ├── parse-filepath@1.0.1
84 silly idealTree:prePrune ├── parse-glob@3.0.4
84 silly idealTree:prePrune ├── parse-json@2.2.0
84 silly idealTree:prePrune ├── parse-passwd@1.0.0
84 silly idealTree:prePrune ├── parsejson@0.0.3
84 silly idealTree:prePrune ├── parseqs@0.0.5
84 silly idealTree:prePrune ├── parseuri@0.0.5
84 silly idealTree:prePrune ├── parseurl@1.3.1
84 silly idealTree:prePrune ├── path-exists@2.1.0
84 silly idealTree:prePrune ├── path-is-absolute@1.0.1
84 silly idealTree:prePrune ├── path-root-regex@0.1.2
84 silly idealTree:prePrune ├── path-root@0.1.1
84 silly idealTree:prePrune ├── path-to-regexp@0.1.7
84 silly idealTree:prePrune ├── path-type@1.1.0
84 silly idealTree:prePrune ├── pause-stream@0.0.11
84 silly idealTree:prePrune ├── pend@1.2.0
84 silly idealTree:prePrune ├─┬ phantomjs-prebuilt@2.1.14
84 silly idealTree:prePrune │ ├── qs@6.3.0
84 silly idealTree:prePrune │ ├── request@2.79.0
84 silly idealTree:prePrune │ └── uuid@3.0.1
84 silly idealTree:prePrune ├── pify@2.3.0
84 silly idealTree:prePrune ├── pinkie-promise@2.0.1
84 silly idealTree:prePrune ├── pinkie@2.0.4
84 silly idealTree:prePrune ├── portscanner@2.1.1
84 silly idealTree:prePrune ├── prelude-ls@1.1.2
84 silly idealTree:prePrune ├── preserve@0.2.0
84 silly idealTree:prePrune ├── pretty-hrtime@1.0.3
84 silly idealTree:prePrune ├── process-nextick-args@1.0.7
84 silly idealTree:prePrune ├── progress@1.1.8
84 silly idealTree:prePrune ├── proxy-addr@1.1.2
84 silly idealTree:prePrune ├── punycode@1.4.1
84 silly idealTree:prePrune ├── q@1.4.1
84 silly idealTree:prePrune ├── qjobs@1.1.5
84 silly idealTree:prePrune ├── qs@6.2.1
84 silly idealTree:prePrune ├── randomatic@1.1.6
84 silly idealTree:prePrune ├── range-parser@1.2.0
84 silly idealTree:prePrune ├── raw-body@2.1.7
84 silly idealTree:prePrune ├── read-pkg-up@1.0.1
84 silly idealTree:prePrune ├── read-pkg@1.1.0
84 silly idealTree:prePrune ├── readable-stream@1.1.14
84 silly idealTree:prePrune ├─┬ readdirp@2.1.0
84 silly idealTree:prePrune │ ├── isarray@1.0.0
84 silly idealTree:prePrune │ ├─┬ minimatch@3.0.3
84 silly idealTree:prePrune │ │ └── brace-expansion@1.1.6
84 silly idealTree:prePrune │ └── readable-stream@2.2.2
84 silly idealTree:prePrune ├── rechoir@0.6.2
84 silly idealTree:prePrune ├── redent@1.0.0
84 silly idealTree:prePrune ├── regex-cache@0.4.3
84 silly idealTree:prePrune ├── repeat-element@1.1.2
84 silly idealTree:prePrune ├── repeat-string@1.6.1
84 silly idealTree:prePrune ├── repeating@2.0.1
84 silly idealTree:prePrune ├── replace-ext@0.0.1
84 silly idealTree:prePrune ├── request-progress@2.0.1
84 silly idealTree:prePrune ├─┬ request@2.78.0
84 silly idealTree:prePrune │ └── qs@6.3.0
84 silly idealTree:prePrune ├── require-directory@2.1.1
84 silly idealTree:prePrune ├── require-main-filename@1.0.1
84 silly idealTree:prePrune ├── requires-port@1.0.0
84 silly idealTree:prePrune ├── resolve-dir@0.1.1
84 silly idealTree:prePrune ├── resolve@1.2.0
84 silly idealTree:prePrune ├─┬ resp-modifier@6.0.2
84 silly idealTree:prePrune │ └── minimatch@3.0.3
84 silly idealTree:prePrune ├── right-align@0.1.3
84 silly idealTree:prePrune ├─┬ rimraf@2.5.4
84 silly idealTree:prePrune │ ├── glob@7.1.1
84 silly idealTree:prePrune │ └── minimatch@3.0.3
84 silly idealTree:prePrune ├── rx@4.1.0
84 silly idealTree:prePrune ├── semver@4.3.6
84 silly idealTree:prePrune ├─┬ send@0.14.1
84 silly idealTree:prePrune │ └── mime@1.3.4
84 silly idealTree:prePrune ├── sequencify@0.0.7
84 silly idealTree:prePrune ├── serve-index@1.8.0
84 silly idealTree:prePrune ├── serve-static@1.11.1
84 silly idealTree:prePrune ├── server-destroy@1.0.1
84 silly idealTree:prePrune ├── set-blocking@2.0.0
84 silly idealTree:prePrune ├── set-immediate-shim@1.0.1
84 silly idealTree:prePrune ├── setprototypeof@1.0.2
84 silly idealTree:prePrune ├── sigmund@1.0.1
84 silly idealTree:prePrune ├── signal-exit@3.0.2
84 silly idealTree:prePrune ├── sntp@1.0.9
84 silly idealTree:prePrune ├─┬ socket.io-adapter@0.5.0
84 silly idealTree:prePrune │ ├── debug@2.3.3
84 silly idealTree:prePrune │ └── ms@0.7.2
84 silly idealTree:prePrune ├─┬ socket.io-client@1.6.0
84 silly idealTree:prePrune │ ├── component-emitter@1.2.1
84 silly idealTree:prePrune │ ├── debug@2.3.3
84 silly idealTree:prePrune │ └── ms@0.7.2
84 silly idealTree:prePrune ├── socket.io-parser@2.3.1
84 silly idealTree:prePrune ├─┬ socket.io@1.6.0
84 silly idealTree:prePrune │ ├── debug@2.3.3
84 silly idealTree:prePrune │ ├── ms@0.7.2
84 silly idealTree:prePrune │ └── object-assign@4.1.0
84 silly idealTree:prePrune ├── source-map@0.5.6
84 silly idealTree:prePrune ├── sparkles@1.0.0
84 silly idealTree:prePrune ├── spdx-correct@1.0.2
84 silly idealTree:prePrune ├── spdx-expression-parse@1.0.4
84 silly idealTree:prePrune ├── spdx-license-ids@1.2.2
84 silly idealTree:prePrune ├── split@0.3.3
84 silly idealTree:prePrune ├── sprintf-js@1.0.3
84 silly idealTree:prePrune ├─┬ sshpk@1.10.1
84 silly idealTree:prePrune │ └── assert-plus@1.0.0
84 silly idealTree:prePrune ├── statuses@1.3.1
84 silly idealTree:prePrune ├── stream-combiner@0.0.4
84 silly idealTree:prePrune ├── stream-consume@0.1.0
84 silly idealTree:prePrune ├── stream-throttle@0.1.3
84 silly idealTree:prePrune ├── string_decoder@0.10.31
84 silly idealTree:prePrune ├── string-width@1.0.2
84 silly idealTree:prePrune ├── stringstream@0.0.5
84 silly idealTree:prePrune ├── strip-ansi@3.0.1
84 silly idealTree:prePrune ├── strip-bom@2.0.0
84 silly idealTree:prePrune ├── strip-indent@1.0.1
84 silly idealTree:prePrune ├── supports-color@2.0.0
84 silly idealTree:prePrune ├── tfunk@3.0.2
84 silly idealTree:prePrune ├── throttleit@1.0.0
84 silly idealTree:prePrune ├── through@2.3.8
84 silly idealTree:prePrune ├─┬ through2@2.0.3
84 silly idealTree:prePrune │ ├── isarray@1.0.0
84 silly idealTree:prePrune │ └── readable-stream@2.2.2
84 silly idealTree:prePrune ├── tildify@1.2.0
84 silly idealTree:prePrune ├── time-stamp@1.0.1
84 silly idealTree:prePrune ├─┬ tiny-lr@0.0.9
84 silly idealTree:prePrune │ ├── debug@0.8.1
84 silly idealTree:prePrune │ └── qs@0.6.6
84 silly idealTree:prePrune ├── tmp@0.0.28
84 silly idealTree:prePrune ├── to-array@0.1.4
84 silly idealTree:prePrune ├── tough-cookie@2.3.2
84 silly idealTree:prePrune ├── trim-newlines@1.0.0
84 silly idealTree:prePrune ├── tunnel-agent@0.4.3
84 silly idealTree:prePrune ├── tweetnacl@0.14.5
84 silly idealTree:prePrune ├── type-check@0.3.2
84 silly idealTree:prePrune ├── type-is@1.6.14
84 silly idealTree:prePrune ├── typedarray@0.0.6
84 silly idealTree:prePrune ├── ua-parser-js@0.7.12
84 silly idealTree:prePrune ├─┬ uglify-js@2.7.5
84 silly idealTree:prePrune │ ├── async@0.2.10
84 silly idealTree:prePrune │ ├── camelcase@1.2.1
84 silly idealTree:prePrune │ ├── cliui@2.1.0
84 silly idealTree:prePrune │ ├── window-size@0.1.0
84 silly idealTree:prePrune │ ├── wordwrap@0.0.2
84 silly idealTree:prePrune │ └── yargs@3.10.0
84 silly idealTree:prePrune ├── uglify-to-browserify@1.0.2
84 silly idealTree:prePrune ├── ultron@1.0.2
84 silly idealTree:prePrune ├── unc-path-regex@0.1.2
84 silly idealTree:prePrune ├── underscore@1.7.0
84 silly idealTree:prePrune ├── unique-stream@1.0.0
84 silly idealTree:prePrune ├── unpipe@1.0.0
84 silly idealTree:prePrune ├── user-home@1.1.1
84 silly idealTree:prePrune ├─┬ useragent@2.1.9
84 silly idealTree:prePrune │ └── lru-cache@2.2.4
84 silly idealTree:prePrune ├── utf8@2.1.0
84 silly idealTree:prePrune ├── util-deprecate@1.0.2
84 silly idealTree:prePrune ├── utils-merge@1.0.0
84 silly idealTree:prePrune ├── v8flags@2.0.11
84 silly idealTree:prePrune ├── validate-npm-package-license@3.0.1
84 silly idealTree:prePrune ├── vary@1.1.0
84 silly idealTree:prePrune ├── verror@1.3.6
84 silly idealTree:prePrune ├─┬ vinyl-fs@0.3.14
84 silly idealTree:prePrune │ ├── clone@0.2.0
84 silly idealTree:prePrune │ ├── graceful-fs@3.0.11
84 silly idealTree:prePrune │ ├── readable-stream@1.0.34
84 silly idealTree:prePrune │ ├── strip-bom@1.0.0
84 silly idealTree:prePrune │ ├── through2@0.6.5
84 silly idealTree:prePrune │ └── vinyl@0.4.6
84 silly idealTree:prePrune ├── vinyl@0.5.3
84 silly idealTree:prePrune ├── vlq@0.2.1
84 silly idealTree:prePrune ├── void-elements@2.0.1
84 silly idealTree:prePrune ├── websocket-driver@0.6.5
84 silly idealTree:prePrune ├── websocket-extensions@0.1.1
84 silly idealTree:prePrune ├─┬ weinre@2.0.0-pre-I0Z7U9OV
84 silly idealTree:prePrune │ ├── connect@1.9.2
84 silly idealTree:prePrune │ ├── express@2.5.11
84 silly idealTree:prePrune │ ├── mkdirp@0.3.0
84 silly idealTree:prePrune │ └── qs@0.4.2
84 silly idealTree:prePrune ├── which-module@1.0.0
84 silly idealTree:prePrune ├── which@1.2.12
84 silly idealTree:prePrune ├── window-size@0.1.4
84 silly idealTree:prePrune ├── wordwrap@0.0.3
84 silly idealTree:prePrune ├── wrap-ansi@2.1.0
84 silly idealTree:prePrune ├── wrappy@1.0.2
84 silly idealTree:prePrune ├── ws@1.1.1
84 silly idealTree:prePrune ├── wtf-8@1.0.0
84 silly idealTree:prePrune ├── xmlhttprequest-ssl@1.5.3
84 silly idealTree:prePrune ├── xtend@4.0.1
84 silly idealTree:prePrune ├── y18n@3.2.1
84 silly idealTree:prePrune ├─┬ yargs-parser@4.2.0
84 silly idealTree:prePrune │ └── camelcase@3.0.0
84 silly idealTree:prePrune ├─┬ yargs@6.4.0
84 silly idealTree:prePrune │ ├── camelcase@3.0.0
84 silly idealTree:prePrune │ └── window-size@0.2.0
84 silly idealTree:prePrune ├── yauzl@2.4.1
84 silly idealTree:prePrune └── yeast@0.1.2
85 silly loadIdealTree Finishing
86 silly currentTree tdd@1.0.0
86 silly currentTree ├── abbrev@1.0.9
86 silly currentTree ├── accepts@1.3.3
86 silly currentTree ├── acorn-jsx@3.0.1
86 silly currentTree ├── acorn-object-spread@1.0.0
86 silly currentTree ├── acorn@3.3.0
86 silly currentTree ├── after@0.8.1
86 silly currentTree ├── align-text@0.1.4
86 silly currentTree ├── amdefine@1.0.1
86 silly currentTree ├── ansi-regex@2.0.0
86 silly currentTree ├── ansi-styles@2.2.1
86 silly currentTree ├── anymatch@1.3.0
86 silly currentTree ├── archy@1.0.0
86 silly currentTree ├── argparse@1.0.9
86 silly currentTree ├── arr-diff@2.0.0
86 silly currentTree ├── arr-flatten@1.0.1
86 silly currentTree ├── array-differ@1.0.0
86 silly currentTree ├── array-find-index@1.0.2
86 silly currentTree ├── array-flatten@1.1.1
86 silly currentTree ├── array-slice@0.2.3
86 silly currentTree ├── array-uniq@1.0.3
86 silly currentTree ├── array-unique@0.2.1
86 silly currentTree ├── arraybuffer.slice@0.0.6
86 silly currentTree ├── arrify@1.0.1
86 silly currentTree ├── asn1@0.2.3
86 silly currentTree ├── assert-plus@0.2.0
86 silly currentTree ├── async-each-series@0.1.1
86 silly currentTree ├── async-each@1.0.1
86 silly currentTree ├── async@1.5.2
86 silly currentTree ├── asynckit@0.4.0
86 silly currentTree ├── aws-sign2@0.6.0
86 silly currentTree ├── aws4@1.5.0
86 silly currentTree ├── backo2@1.0.2
86 silly currentTree ├── balanced-match@0.4.2
86 silly currentTree ├── base64-arraybuffer@0.1.5
86 silly currentTree ├── base64id@0.1.0
86 silly currentTree ├── batch@0.5.3
86 silly currentTree ├── bcrypt-pbkdf@1.0.0
86 silly currentTree ├── beeper@1.1.1
86 silly currentTree ├── benchmark@1.0.0
86 silly currentTree ├── better-assert@1.0.2
86 silly currentTree ├── binary-extensions@1.8.0
86 silly currentTree ├── blob@0.0.4
86 silly currentTree ├── bluebird@3.4.6
86 silly currentTree ├─┬ body-parser@1.15.2
86 silly currentTree │ └── qs@6.2.0
86 silly currentTree ├── boom@2.10.1
86 silly currentTree ├── brace-expansion@1.1.6
86 silly currentTree ├── braces@1.8.5
86 silly currentTree ├── browser-stdout@1.3.0
86 silly currentTree ├── browser-sync-client@2.4.4
86 silly currentTree ├── browser-sync-ui@0.6.2
86 silly currentTree ├── browser-sync@2.18.5
86 silly currentTree ├── browsersync@0.0.1-security
86 silly currentTree ├── bs-recipes@1.3.2
86 silly currentTree ├── buble@0.12.5
86 silly currentTree ├─┬ bubleify@0.5.1
86 silly currentTree │ └── object-assign@4.1.0
86 silly currentTree ├── buffer-shims@1.0.0
86 silly currentTree ├── builtin-modules@1.1.1
86 silly currentTree ├── bytes@2.4.0
86 silly currentTree ├── callsite@1.0.0
86 silly currentTree ├── camelcase-keys@2.1.0
86 silly currentTree ├── camelcase@2.1.1
86 silly currentTree ├── caseless@0.11.0
86 silly currentTree ├── center-align@0.1.3
86 silly currentTree ├── chalk@1.1.3
86 silly currentTree ├── chokidar@1.6.1
86 silly currentTree ├── cliui@3.2.0
86 silly currentTree ├── clone-stats@0.0.1
86 silly currentTree ├── clone@1.0.2
86 silly currentTree ├── code-point-at@1.1.0
86 silly currentTree ├── colors@1.1.2
86 silly currentTree ├─┬ combine-lists@1.0.1
86 silly currentTree │ └── lodash@4.17.2
86 silly currentTree ├── combined-stream@1.0.5
86 silly currentTree ├── commander@2.9.0
86 silly currentTree ├── component-bind@1.0.0
86 silly currentTree ├── component-emitter@1.1.2
86 silly currentTree ├── component-inherit@0.0.3
86 silly currentTree ├── concat-map@0.0.1
86 silly currentTree ├─┬ concat-stream@1.5.0
86 silly currentTree │ ├── isarray@1.0.0
86 silly currentTree │ └── readable-stream@2.0.6
86 silly currentTree ├── connect-history-api-fallback@1.3.0
86 silly currentTree ├── connect-livereload@0.5.4
86 silly currentTree ├── connect@3.5.0
86 silly currentTree ├── content-disposition@0.5.1
86 silly currentTree ├── content-type@1.0.2
86 silly currentTree ├── cookie-signature@1.0.6
86 silly currentTree ├── cookie@0.3.1
86 silly currentTree ├── core-js@2.4.1
86 silly currentTree ├── core-util-is@1.0.2
86 silly currentTree ├── cors@2.8.1
86 silly currentTree ├── cryptiles@2.0.5
86 silly currentTree ├── currently-unhandled@0.4.1
86 silly currentTree ├── custom-event@1.0.1
86 silly currentTree ├─┬ dashdash@1.14.1
86 silly currentTree │ └── assert-plus@1.0.0
86 silly currentTree ├── dateformat@1.0.12
86 silly currentTree ├── debug@2.2.0
86 silly currentTree ├── decamelize@1.2.0
86 silly currentTree ├── deep-is@0.1.3
86 silly currentTree ├── deepmerge@0.2.10
86 silly currentTree ├── defaults@1.0.3
86 silly currentTree ├── delayed-stream@1.0.0
86 silly currentTree ├── depd@1.1.0
86 silly currentTree ├── deprecated@0.0.1
86 silly currentTree ├── destroy@1.0.4
86 silly currentTree ├── detect-file@0.1.0
86 silly currentTree ├── dev-ip@1.0.1
86 silly currentTree ├── di@0.0.1
86 silly currentTree ├── diff@1.4.0
86 silly currentTree ├── dom-serialize@2.2.1
86 silly currentTree ├── duplexer@0.1.1
86 silly currentTree ├── duplexer2@0.0.2
86 silly currentTree ├─┬ easy-extender@2.3.2
86 silly currentTree │ └── lodash@3.10.1
86 silly currentTree ├── eazy-logger@3.0.2
86 silly currentTree ├── ecc-jsbn@0.1.1
86 silly currentTree ├── ee-first@1.1.1
86 silly currentTree ├── emitter-steward@1.0.0
86 silly currentTree ├── encodeurl@1.0.1
86 silly currentTree ├── end-of-stream@0.1.5
86 silly currentTree ├─┬ engine.io-client@1.8.0
86 silly currentTree │ ├── component-emitter@1.2.1
86 silly currentTree │ ├── debug@2.3.3
86 silly currentTree │ └── ms@0.7.2
86 silly currentTree ├─┬ engine.io-parser@1.3.1
86 silly currentTree │ └── has-binary@0.1.6
86 silly currentTree ├─┬ engine.io@1.8.0
86 silly currentTree │ ├── debug@2.3.3
86 silly currentTree │ └── ms@0.7.2
86 silly currentTree ├── ent@2.2.0
86 silly currentTree ├── error-ex@1.3.0
86 silly currentTree ├── es6-promise@4.0.5
86 silly currentTree ├── escape-html@1.0.3
86 silly currentTree ├── escape-string-regexp@1.0.5
86 silly currentTree ├─┬ escodegen@1.8.1
86 silly currentTree │ └── source-map@0.2.0
86 silly currentTree ├── esprima@2.7.3
86 silly currentTree ├── estraverse@1.9.3
86 silly currentTree ├── esutils@2.0.2
86 silly currentTree ├── etag@1.7.0
86 silly currentTree ├── event-stream@3.2.2
86 silly currentTree ├── eventemitter3@1.2.0
86 silly currentTree ├─┬ expand-braces@0.1.2
86 silly currentTree │ ├── braces@0.1.5
86 silly currentTree │ ├── expand-range@0.1.1
86 silly currentTree │ ├── is-number@0.1.1
86 silly currentTree │ └── repeat-string@0.2.2
86 silly currentTree ├── expand-brackets@0.1.5
86 silly currentTree ├── expand-range@1.8.2
86 silly currentTree ├── expand-tilde@1.2.2
86 silly currentTree ├─┬ express@4.14.0
86 silly currentTree │ └── qs@6.2.0
86 silly currentTree ├── extend@3.0.0
86 silly currentTree ├── extglob@0.3.2
86 silly currentTree ├─┬ extract-zip@1.5.0
86 silly currentTree │ ├── debug@0.7.4
86 silly currentTree │ ├── minimist@0.0.8
86 silly currentTree │ └── mkdirp@0.5.0
86 silly currentTree ├── extsprintf@1.0.2
86 silly currentTree ├── fancy-log@1.2.0
86 silly currentTree ├── fast-levenshtein@2.0.5
86 silly currentTree ├── faye-websocket@0.7.3
86 silly currentTree ├── fd-slicer@1.0.1
86 silly currentTree ├── filename-regex@2.0.0
86 silly currentTree ├── fill-range@2.2.3
86 silly currentTree ├── finalhandler@0.5.0
86 silly currentTree ├── find-index@0.1.1
86 silly currentTree ├── find-up@1.1.2
86 silly currentTree ├── findup-sync@0.4.3
86 silly currentTree ├── fined@1.0.2
86 silly currentTree ├── first-chunk-stream@1.0.0
86 silly currentTree ├── flagged-respawn@0.3.2
86 silly currentTree ├── for-in@0.1.6
86 silly currentTree ├── for-own@0.1.4
86 silly currentTree ├── forever-agent@0.6.1
86 silly currentTree ├── form-data@2.1.2
86 silly currentTree ├── formidable@1.0.17
86 silly currentTree ├── forwarded@0.1.0
86 silly currentTree ├── fresh@0.3.0
86 silly currentTree ├── from@0.1.3
86 silly currentTree ├── fs-exists-sync@0.1.0
86 silly currentTree ├── fs-extra@1.0.0
86 silly currentTree ├── fs.realpath@1.0.0
86 silly currentTree ├── gaze@0.5.2
86 silly currentTree ├── generate-function@2.0.0
86 silly currentTree ├── generate-object-property@1.2.0
86 silly currentTree ├── get-caller-file@1.0.2
86 silly currentTree ├── get-stdin@4.0.1
86 silly currentTree ├─┬ getpass@0.1.6
86 silly currentTree │ └── assert-plus@1.0.0
86 silly currentTree ├── glob-base@0.3.0
86 silly currentTree ├── glob-parent@2.0.0
86 silly currentTree ├─┬ glob-stream@3.1.18
86 silly currentTree │ ├── readable-stream@1.0.34
86 silly currentTree │ └── through2@0.6.5
86 silly currentTree ├── glob-watcher@0.0.6
86 silly currentTree ├── glob@4.5.3
86 silly currentTree ├── glob2base@0.0.12
86 silly currentTree ├── global-modules@0.2.3
86 silly currentTree ├── global-prefix@0.1.5
86 silly currentTree ├─┬ globule@0.1.0
86 silly currentTree │ ├── glob@3.1.21
86 silly currentTree │ ├── graceful-fs@1.2.3
86 silly currentTree │ ├── inherits@1.0.2
86 silly currentTree │ └── minimatch@0.2.14
86 silly currentTree ├── glogg@1.0.0
86 silly currentTree ├── graceful-fs@4.1.11
86 silly currentTree ├── graceful-readlink@1.0.1
86 silly currentTree ├── growl@1.9.2
86 silly currentTree ├── gulp-live-server@0.0.30
86 silly currentTree ├── gulp-util@3.0.7
86 silly currentTree ├── gulp@3.9.1
86 silly currentTree ├── gulplog@1.0.0
86 silly currentTree ├─┬ handlebars@4.0.6
86 silly currentTree │ └── source-map@0.4.4
86 silly currentTree ├── har-validator@2.0.6
86 silly currentTree ├── has-ansi@2.0.0
86 silly currentTree ├── has-binary@0.1.7
86 silly currentTree ├── has-cors@1.1.0
86 silly currentTree ├── has-flag@1.0.0
86 silly currentTree ├── has-gulplog@0.1.0
86 silly currentTree ├── hasha@2.2.0
86 silly currentTree ├── hawk@3.1.3
86 silly currentTree ├── hoek@2.16.3
86 silly currentTree ├── homedir-polyfill@1.0.1
86 silly currentTree ├── hosted-git-info@2.1.5
86 silly currentTree ├── http-errors@1.5.1
86 silly currentTree ├── http-proxy@1.15.2
86 silly currentTree ├── http-signature@1.1.1
86 silly currentTree ├── iconv-lite@0.4.13
86 silly currentTree ├── immutable@3.8.1
86 silly currentTree ├── indent-string@2.1.0
86 silly currentTree ├── indexof@0.0.1
86 silly currentTree ├── inflight@1.0.6
86 silly currentTree ├── inherits@2.0.3
86 silly currentTree ├── ini@1.3.4
86 silly currentTree ├── interpret@1.0.1
86 silly currentTree ├── invert-kv@1.0.0
86 silly currentTree ├── ipaddr.js@1.1.1
86 silly currentTree ├── is-absolute@0.2.6
86 silly currentTree ├── is-arrayish@0.2.1
86 silly currentTree ├── is-binary-path@1.0.1
86 silly currentTree ├── is-buffer@1.1.4
86 silly currentTree ├── is-builtin-module@1.0.0
86 silly currentTree ├── is-dotfile@1.0.2
86 silly currentTree ├── is-equal-shallow@0.1.3
86 silly currentTree ├── is-extendable@0.1.1
86 silly currentTree ├── is-extglob@1.0.0
86 silly currentTree ├── is-finite@1.0.2
86 silly currentTree ├── is-fullwidth-code-point@1.0.0
86 silly currentTree ├── is-glob@2.0.1
86 silly currentTree ├── is-my-json-valid@2.15.0
86 silly currentTree ├── is-number-like@1.0.7
86 silly currentTree ├── is-number@2.1.0
86 silly currentTree ├── is-posix-bracket@0.1.1
86 silly currentTree ├── is-primitive@2.0.0
86 silly currentTree ├── is-property@1.0.2
86 silly currentTree ├── is-relative@0.2.1
86 silly currentTree ├── is-stream@1.1.0
86 silly currentTree ├── is-typedarray@1.0.0
86 silly currentTree ├── is-unc-path@0.1.2
86 silly currentTree ├── is-utf8@0.2.1
86 silly currentTree ├── is-windows@0.2.0
86 silly currentTree ├── isarray@0.0.1
86 silly currentTree ├── isbinaryfile@3.0.1
86 silly currentTree ├── isexe@1.1.2
86 silly currentTree ├─┬ isobject@2.1.0
86 silly currentTree │ └── isarray@1.0.0
86 silly currentTree ├── isstream@0.1.2
86 silly currentTree ├─┬ istanbul@0.4.5
86 silly currentTree │ ├── glob@5.0.15
86 silly currentTree │ ├── resolve@1.1.7
86 silly currentTree │ ├── supports-color@3.1.2
86 silly currentTree │ └── wordwrap@1.0.0
86 silly currentTree ├── jodid25519@1.0.2
86 silly currentTree ├── js-yaml@3.7.0
86 silly currentTree ├── jsbn@0.1.0
86 silly currentTree ├── json-schema@0.2.3
86 silly currentTree ├── json-stringify-safe@5.0.1
86 silly currentTree ├── json3@3.3.2
86 silly currentTree ├── jsonfile@2.4.0
86 silly currentTree ├── jsonpointer@4.0.0
86 silly currentTree ├── jsprim@1.3.1
86 silly currentTree ├─┬ karma-coverage@1.1.1
86 silly currentTree │ ├── lodash@3.10.1
86 silly currentTree │ └── minimatch@3.0.3
86 silly currentTree ├── karma-mocha-reporter@2.2.1
86 silly currentTree ├── karma-mocha@1.3.0
86 silly currentTree ├─┬ karma-phantomjs-launcher@1.0.2
86 silly currentTree │ └── lodash@4.17.2
86 silly currentTree ├─┬ karma@1.3.0
86 silly currentTree │ ├── accepts@1.1.4
86 silly currentTree │ ├── base64-arraybuffer@0.1.2
86 silly currentTree │ ├── engine.io-client@1.6.9
86 silly currentTree │ ├─┬ engine.io-parser@1.2.4
86 silly currentTree │ │ └── has-binary@0.1.6
86 silly currentTree │ ├── engine.io@1.6.10
86 silly currentTree │ ├── glob@7.1.1
86 silly currentTree │ ├── json3@3.2.6
86 silly currentTree │ ├── lodash@3.10.1
86 silly currentTree │ ├── mime-db@1.12.0
86 silly currentTree │ ├── mime-types@2.0.14
86 silly currentTree │ ├── mime@1.3.4
86 silly currentTree │ ├── minimatch@3.0.3
86 silly currentTree │ ├── negotiator@0.4.9
86 silly currentTree │ ├── parsejson@0.0.1
86 silly currentTree │ ├── parseqs@0.0.2
86 silly currentTree │ ├── parseuri@0.0.4
86 silly currentTree │ ├─┬ socket.io-adapter@0.4.0
86 silly currentTree │ │ └─┬ socket.io-parser@2.2.2
86 silly currentTree │ │   └── debug@0.7.4
86 silly currentTree │ ├─┬ socket.io-client@1.4.6
86 silly currentTree │ │ └── component-emitter@1.2.0
86 silly currentTree │ ├─┬ socket.io-parser@2.2.6
86 silly currentTree │ │ └── json3@3.3.2
86 silly currentTree │ ├── socket.io@1.4.7
86 silly currentTree │ ├── ws@1.0.1
86 silly currentTree │ └── xmlhttprequest-ssl@1.5.1
86 silly currentTree ├── kew@0.7.0
86 silly currentTree ├── kind-of@3.1.0
86 silly currentTree ├── klaw@1.3.1
86 silly currentTree ├── lazy-cache@1.0.4
86 silly currentTree ├── lcid@1.0.0
86 silly currentTree ├── levn@0.3.0
86 silly currentTree ├── liftoff@2.3.0
86 silly currentTree ├── limiter@1.1.0
86 silly currentTree ├── load-json-file@1.1.0
86 silly currentTree ├─┬ localtunnel@1.8.2
86 silly currentTree │ ├── camelcase@1.2.1
86 silly currentTree │ └── yargs@3.29.0
86 silly currentTree ├── lodash._baseassign@3.2.0
86 silly currentTree ├── lodash._basecopy@3.0.1
86 silly currentTree ├── lodash._basecreate@3.0.3
86 silly currentTree ├── lodash._basetostring@3.0.1
86 silly currentTree ├── lodash._basevalues@3.0.0
86 silly currentTree ├── lodash._getnative@3.9.1
86 silly currentTree ├── lodash._isiterateecall@3.0.9
86 silly currentTree ├── lodash._reescape@3.0.0
86 silly currentTree ├── lodash._reevaluate@3.0.0
86 silly currentTree ├── lodash._reinterpolate@3.0.0
86 silly currentTree ├── lodash._root@3.0.1
86 silly currentTree ├── lodash.assignwith@4.2.0
86 silly currentTree ├── lodash.create@3.1.1
86 silly currentTree ├── lodash.escape@3.2.0
86 silly currentTree ├── lodash.isarguments@3.1.0
86 silly currentTree ├── lodash.isarray@3.0.4
86 silly currentTree ├── lodash.isempty@4.4.0
86 silly currentTree ├── lodash.isfinite@3.3.2
86 silly currentTree ├── lodash.isplainobject@4.0.6
86 silly currentTree ├── lodash.isstring@4.0.1
86 silly currentTree ├── lodash.keys@3.1.2
86 silly currentTree ├── lodash.mapvalues@4.6.0
86 silly currentTree ├── lodash.pick@4.4.0
86 silly currentTree ├── lodash.restparam@3.6.1
86 silly currentTree ├── lodash.template@3.6.2
86 silly currentTree ├── lodash.templatesettings@3.1.1
86 silly currentTree ├── lodash@1.0.2
86 silly currentTree ├─┬ log4js@0.6.38
86 silly currentTree │ └── readable-stream@1.0.34
86 silly currentTree ├── longest@1.0.1
86 silly currentTree ├── loud-rejection@1.6.0
86 silly currentTree ├── lru-cache@2.7.3
86 silly currentTree ├── magic-string@0.14.0
86 silly currentTree ├── map-cache@0.2.2
86 silly currentTree ├── map-obj@1.0.1
86 silly currentTree ├── map-stream@0.1.0
86 silly currentTree ├── media-typer@0.3.0
86 silly currentTree ├─┬ meow@3.7.0
86 silly currentTree │ └── object-assign@4.1.0
86 silly currentTree ├── merge-descriptors@1.0.1
86 silly currentTree ├── methods@1.1.2
86 silly currentTree ├── micromatch@2.3.11
86 silly currentTree ├── mime-db@1.25.0
86 silly currentTree ├── mime-types@2.1.13
86 silly currentTree ├── mime@1.2.4
86 silly currentTree ├── minimatch@2.0.10
86 silly currentTree ├── minimist@1.2.0
86 silly currentTree ├─┬ mkdirp@0.5.1
86 silly currentTree │ └── minimist@0.0.8
86 silly currentTree ├─┬ mocha@3.2.0
86 silly currentTree │ ├── glob@7.0.5
86 silly currentTree │ ├── minimatch@3.0.3
86 silly currentTree │ └── supports-color@3.1.2
86 silly currentTree ├── ms@0.7.1
86 silly currentTree ├── multipipe@0.1.2
86 silly currentTree ├── natives@1.1.0
86 silly currentTree ├── negotiator@0.6.1
86 silly currentTree ├── node-uuid@1.4.7
86 silly currentTree ├── nopt@3.0.6
86 silly currentTree ├─┬ noptify@0.0.3
86 silly currentTree │ └── nopt@2.0.0
86 silly currentTree ├── normalize-package-data@2.3.5
86 silly currentTree ├── normalize-path@2.0.1
86 silly currentTree ├── number-is-nan@1.0.1
86 silly currentTree ├── oauth-sign@0.8.2
86 silly currentTree ├── object-assign@3.0.0
86 silly currentTree ├── object-component@0.0.3
86 silly currentTree ├── object-path@0.9.2
86 silly currentTree ├── object.omit@2.0.1
86 silly currentTree ├── on-finished@2.3.0
86 silly currentTree ├── once@1.3.3
86 silly currentTree ├── openurl@1.1.0
86 silly currentTree ├─┬ opn@4.0.2
86 silly currentTree │ └── object-assign@4.1.0
86 silly currentTree ├─┬ optimist@0.6.1
86 silly currentTree │ └── minimist@0.0.10
86 silly currentTree ├─┬ optionator@0.8.2
86 silly currentTree │ └── wordwrap@1.0.0
86 silly currentTree ├── options@0.0.6
86 silly currentTree ├── orchestrator@0.3.8
86 silly currentTree ├── ordered-read-streams@0.1.0
86 silly currentTree ├── os-homedir@1.0.2
86 silly currentTree ├── os-locale@1.4.0
86 silly currentTree ├── os-tmpdir@1.0.2
86 silly currentTree ├── parse-filepath@1.0.1
86 silly currentTree ├── parse-glob@3.0.4
86 silly currentTree ├── parse-json@2.2.0
86 silly currentTree ├── parse-passwd@1.0.0
86 silly currentTree ├── parsejson@0.0.3
86 silly currentTree ├── parseqs@0.0.5
86 silly currentTree ├── parseuri@0.0.5
86 silly currentTree ├── parseurl@1.3.1
86 silly currentTree ├── path-exists@2.1.0
86 silly currentTree ├── path-is-absolute@1.0.1
86 silly currentTree ├── path-root-regex@0.1.2
86 silly currentTree ├── path-root@0.1.1
86 silly currentTree ├── path-to-regexp@0.1.7
86 silly currentTree ├── path-type@1.1.0
86 silly currentTree ├── pause-stream@0.0.11
86 silly currentTree ├── pend@1.2.0
86 silly currentTree ├─┬ phantomjs-prebuilt@2.1.14
86 silly currentTree │ ├── qs@6.3.0
86 silly currentTree │ ├── request@2.79.0
86 silly currentTree │ └── uuid@3.0.1
86 silly currentTree ├── pify@2.3.0
86 silly currentTree ├── pinkie-promise@2.0.1
86 silly currentTree ├── pinkie@2.0.4
86 silly currentTree ├── portscanner@2.1.1
86 silly currentTree ├── prelude-ls@1.1.2
86 silly currentTree ├── preserve@0.2.0
86 silly currentTree ├── pretty-hrtime@1.0.3
86 silly currentTree ├── process-nextick-args@1.0.7
86 silly currentTree ├── progress@1.1.8
86 silly currentTree ├── proxy-addr@1.1.2
86 silly currentTree ├── punycode@1.4.1
86 silly currentTree ├── q@1.4.1
86 silly currentTree ├── qjobs@1.1.5
86 silly currentTree ├── qs@6.2.1
86 silly currentTree ├── randomatic@1.1.6
86 silly currentTree ├── range-parser@1.2.0
86 silly currentTree ├── raw-body@2.1.7
86 silly currentTree ├── read-pkg-up@1.0.1
86 silly currentTree ├── read-pkg@1.1.0
86 silly currentTree ├── readable-stream@1.1.14
86 silly currentTree ├─┬ readdirp@2.1.0
86 silly currentTree │ ├── isarray@1.0.0
86 silly currentTree │ ├─┬ minimatch@3.0.3
86 silly currentTree │ │ └── brace-expansion@1.1.6
86 silly currentTree │ └── readable-stream@2.2.2
86 silly currentTree ├── rechoir@0.6.2
86 silly currentTree ├── redent@1.0.0
86 silly currentTree ├── regex-cache@0.4.3
86 silly currentTree ├── repeat-element@1.1.2
86 silly currentTree ├── repeat-string@1.6.1
86 silly currentTree ├── repeating@2.0.1
86 silly currentTree ├── replace-ext@0.0.1
86 silly currentTree ├── request-progress@2.0.1
86 silly currentTree ├─┬ request@2.78.0
86 silly currentTree │ └── qs@6.3.0
86 silly currentTree ├── require-directory@2.1.1
86 silly currentTree ├── require-main-filename@1.0.1
86 silly currentTree ├── requires-port@1.0.0
86 silly currentTree ├── resolve-dir@0.1.1
86 silly currentTree ├── resolve@1.2.0
86 silly currentTree ├─┬ resp-modifier@6.0.2
86 silly currentTree │ └── minimatch@3.0.3
86 silly currentTree ├── right-align@0.1.3
86 silly currentTree ├─┬ rimraf@2.5.4
86 silly currentTree │ ├── glob@7.1.1
86 silly currentTree │ └── minimatch@3.0.3
86 silly currentTree ├── rx@4.1.0
86 silly currentTree ├── semver@4.3.6
86 silly currentTree ├─┬ send@0.14.1
86 silly currentTree │ └── mime@1.3.4
86 silly currentTree ├── sequencify@0.0.7
86 silly currentTree ├── serve-index@1.8.0
86 silly currentTree ├── serve-static@1.11.1
86 silly currentTree ├── server-destroy@1.0.1
86 silly currentTree ├── set-blocking@2.0.0
86 silly currentTree ├── set-immediate-shim@1.0.1
86 silly currentTree ├── setprototypeof@1.0.2
86 silly currentTree ├── sigmund@1.0.1
86 silly currentTree ├── signal-exit@3.0.2
86 silly currentTree ├── sntp@1.0.9
86 silly currentTree ├─┬ socket.io-adapter@0.5.0
86 silly currentTree │ ├── debug@2.3.3
86 silly currentTree │ └── ms@0.7.2
86 silly currentTree ├─┬ socket.io-client@1.6.0
86 silly currentTree │ ├── component-emitter@1.2.1
86 silly currentTree │ ├── debug@2.3.3
86 silly currentTree │ └── ms@0.7.2
86 silly currentTree ├── socket.io-parser@2.3.1
86 silly currentTree ├─┬ socket.io@1.6.0
86 silly currentTree │ ├── debug@2.3.3
86 silly currentTree │ ├── ms@0.7.2
86 silly currentTree │ └── object-assign@4.1.0
86 silly currentTree ├── source-map@0.5.6
86 silly currentTree ├── sparkles@1.0.0
86 silly currentTree ├── spdx-correct@1.0.2
86 silly currentTree ├── spdx-expression-parse@1.0.4
86 silly currentTree ├── spdx-license-ids@1.2.2
86 silly currentTree ├── split@0.3.3
86 silly currentTree ├── sprintf-js@1.0.3
86 silly currentTree ├─┬ sshpk@1.10.1
86 silly currentTree │ └── assert-plus@1.0.0
86 silly currentTree ├── statuses@1.3.1
86 silly currentTree ├── stream-combiner@0.0.4
86 silly currentTree ├── stream-consume@0.1.0
86 silly currentTree ├── stream-throttle@0.1.3
86 silly currentTree ├── string_decoder@0.10.31
86 silly currentTree ├── string-width@1.0.2
86 silly currentTree ├── stringstream@0.0.5
86 silly currentTree ├── strip-ansi@3.0.1
86 silly currentTree ├── strip-bom@2.0.0
86 silly currentTree ├── strip-indent@1.0.1
86 silly currentTree ├── supports-color@2.0.0
86 silly currentTree ├── tfunk@3.0.2
86 silly currentTree ├── throttleit@1.0.0
86 silly currentTree ├── through@2.3.8
86 silly currentTree ├─┬ through2@2.0.3
86 silly currentTree │ ├── isarray@1.0.0
86 silly currentTree │ └── readable-stream@2.2.2
86 silly currentTree ├── tildify@1.2.0
86 silly currentTree ├── time-stamp@1.0.1
86 silly currentTree ├─┬ tiny-lr@0.0.9
86 silly currentTree │ ├── debug@0.8.1
86 silly currentTree │ └── qs@0.6.6
86 silly currentTree ├── tmp@0.0.28
86 silly currentTree ├── to-array@0.1.4
86 silly currentTree ├── tough-cookie@2.3.2
86 silly currentTree ├── trim-newlines@1.0.0
86 silly currentTree ├── tunnel-agent@0.4.3
86 silly currentTree ├── tweetnacl@0.14.5
86 silly currentTree ├── type-check@0.3.2
86 silly currentTree ├── type-is@1.6.14
86 silly currentTree ├── typedarray@0.0.6
86 silly currentTree ├── ua-parser-js@0.7.12
86 silly currentTree ├─┬ uglify-js@2.7.5
86 silly currentTree │ ├── async@0.2.10
86 silly currentTree │ ├── camelcase@1.2.1
86 silly currentTree │ ├── cliui@2.1.0
86 silly currentTree │ ├── window-size@0.1.0
86 silly currentTree │ ├── wordwrap@0.0.2
86 silly currentTree │ └── yargs@3.10.0
86 silly currentTree ├── uglify-to-browserify@1.0.2
86 silly currentTree ├── ultron@1.0.2
86 silly currentTree ├── unc-path-regex@0.1.2
86 silly currentTree ├── underscore@1.7.0
86 silly currentTree ├── unique-stream@1.0.0
86 silly currentTree ├── unpipe@1.0.0
86 silly currentTree ├── user-home@1.1.1
86 silly currentTree ├─┬ useragent@2.1.9
86 silly currentTree │ └── lru-cache@2.2.4
86 silly currentTree ├── utf8@2.1.0
86 silly currentTree ├── util-deprecate@1.0.2
86 silly currentTree ├── utils-merge@1.0.0
86 silly currentTree ├── v8flags@2.0.11
86 silly currentTree ├── validate-npm-package-license@3.0.1
86 silly currentTree ├── vary@1.1.0
86 silly currentTree ├── verror@1.3.6
86 silly currentTree ├─┬ vinyl-fs@0.3.14
86 silly currentTree │ ├── clone@0.2.0
86 silly currentTree │ ├── graceful-fs@3.0.11
86 silly currentTree │ ├── readable-stream@1.0.34
86 silly currentTree │ ├── strip-bom@1.0.0
86 silly currentTree │ ├── through2@0.6.5
86 silly currentTree │ └── vinyl@0.4.6
86 silly currentTree ├── vinyl@0.5.3
86 silly currentTree ├── vlq@0.2.1
86 silly currentTree ├── void-elements@2.0.1
86 silly currentTree ├── websocket-driver@0.6.5
86 silly currentTree ├── websocket-extensions@0.1.1
86 silly currentTree ├─┬ weinre@2.0.0-pre-I0Z7U9OV
86 silly currentTree │ ├── connect@1.9.2
86 silly currentTree │ ├── express@2.5.11
86 silly currentTree │ ├── mkdirp@0.3.0
86 silly currentTree │ └── qs@0.4.2
86 silly currentTree ├── which-module@1.0.0
86 silly currentTree ├── which@1.2.12
86 silly currentTree ├── window-size@0.1.4
86 silly currentTree ├── wordwrap@0.0.3
86 silly currentTree ├── wrap-ansi@2.1.0
86 silly currentTree ├── wrappy@1.0.2
86 silly currentTree ├── ws@1.1.1
86 silly currentTree ├── wtf-8@1.0.0
86 silly currentTree ├── xmlhttprequest-ssl@1.5.3
86 silly currentTree ├── xtend@4.0.1
86 silly currentTree ├── y18n@3.2.1
86 silly currentTree ├─┬ yargs-parser@4.2.0
86 silly currentTree │ └── camelcase@3.0.0
86 silly currentTree ├─┬ yargs@6.4.0
86 silly currentTree │ ├── camelcase@3.0.0
86 silly currentTree │ └── window-size@0.2.0
86 silly currentTree ├── yauzl@2.4.1
86 silly currentTree └── yeast@0.1.2
87 silly idealTree tdd@1.0.0
87 silly idealTree ├── abbrev@1.0.9
87 silly idealTree ├── accepts@1.3.3
87 silly idealTree ├── acorn-jsx@3.0.1
87 silly idealTree ├── acorn-object-spread@1.0.0
87 silly idealTree ├── acorn@3.3.0
87 silly idealTree ├── after@0.8.1
87 silly idealTree ├── align-text@0.1.4
87 silly idealTree ├── amdefine@1.0.1
87 silly idealTree ├── ansi-regex@2.0.0
87 silly idealTree ├── ansi-styles@2.2.1
87 silly idealTree ├── anymatch@1.3.0
87 silly idealTree ├── archy@1.0.0
87 silly idealTree ├── argparse@1.0.9
87 silly idealTree ├── arr-diff@2.0.0
87 silly idealTree ├── arr-flatten@1.0.1
87 silly idealTree ├── array-differ@1.0.0
87 silly idealTree ├── array-find-index@1.0.2
87 silly idealTree ├── array-flatten@1.1.1
87 silly idealTree ├── array-slice@0.2.3
87 silly idealTree ├── array-uniq@1.0.3
87 silly idealTree ├── array-unique@0.2.1
87 silly idealTree ├── arraybuffer.slice@0.0.6
87 silly idealTree ├── arrify@1.0.1
87 silly idealTree ├── asn1@0.2.3
87 silly idealTree ├── assert-plus@0.2.0
87 silly idealTree ├── async-each-series@0.1.1
87 silly idealTree ├── async-each@1.0.1
87 silly idealTree ├── async@1.5.2
87 silly idealTree ├── asynckit@0.4.0
87 silly idealTree ├── aws-sign2@0.6.0
87 silly idealTree ├── aws4@1.5.0
87 silly idealTree ├── backo2@1.0.2
87 silly idealTree ├── balanced-match@0.4.2
87 silly idealTree ├── base64-arraybuffer@0.1.5
87 silly idealTree ├── base64id@0.1.0
87 silly idealTree ├── batch@0.5.3
87 silly idealTree ├── bcrypt-pbkdf@1.0.0
87 silly idealTree ├── beeper@1.1.1
87 silly idealTree ├── benchmark@1.0.0
87 silly idealTree ├── better-assert@1.0.2
87 silly idealTree ├── binary-extensions@1.8.0
87 silly idealTree ├── blob@0.0.4
87 silly idealTree ├── bluebird@3.4.6
87 silly idealTree ├─┬ body-parser@1.15.2
87 silly idealTree │ └── qs@6.2.0
87 silly idealTree ├── boom@2.10.1
87 silly idealTree ├── brace-expansion@1.1.6
87 silly idealTree ├── braces@1.8.5
87 silly idealTree ├── browser-stdout@1.3.0
87 silly idealTree ├── browser-sync-client@2.4.4
87 silly idealTree ├── browser-sync-ui@0.6.2
87 silly idealTree ├── browser-sync@2.18.5
87 silly idealTree ├── browsersync@0.0.1-security
87 silly idealTree ├── bs-recipes@1.3.2
87 silly idealTree ├── buble@0.12.5
87 silly idealTree ├─┬ bubleify@0.5.1
87 silly idealTree │ └── object-assign@4.1.0
87 silly idealTree ├── buffer-shims@1.0.0
87 silly idealTree ├── builtin-modules@1.1.1
87 silly idealTree ├── bytes@2.4.0
87 silly idealTree ├── callsite@1.0.0
87 silly idealTree ├── camelcase-keys@2.1.0
87 silly idealTree ├── camelcase@2.1.1
87 silly idealTree ├── caseless@0.11.0
87 silly idealTree ├── center-align@0.1.3
87 silly idealTree ├── chalk@1.1.3
87 silly idealTree ├── chokidar@1.6.1
87 silly idealTree ├── cliui@3.2.0
87 silly idealTree ├── clone-stats@0.0.1
87 silly idealTree ├── clone@1.0.2
87 silly idealTree ├── code-point-at@1.1.0
87 silly idealTree ├── colors@1.1.2
87 silly idealTree ├─┬ combine-lists@1.0.1
87 silly idealTree │ └── lodash@4.17.2
87 silly idealTree ├── combined-stream@1.0.5
87 silly idealTree ├── commander@2.9.0
87 silly idealTree ├── component-bind@1.0.0
87 silly idealTree ├── component-emitter@1.1.2
87 silly idealTree ├── component-inherit@0.0.3
87 silly idealTree ├── concat-map@0.0.1
87 silly idealTree ├─┬ concat-stream@1.5.0
87 silly idealTree │ ├── isarray@1.0.0
87 silly idealTree │ └── readable-stream@2.0.6
87 silly idealTree ├── connect-history-api-fallback@1.3.0
87 silly idealTree ├── connect-livereload@0.5.4
87 silly idealTree ├── connect@3.5.0
87 silly idealTree ├── content-disposition@0.5.1
87 silly idealTree ├── content-type@1.0.2
87 silly idealTree ├── cookie-signature@1.0.6
87 silly idealTree ├── cookie@0.3.1
87 silly idealTree ├── core-js@2.4.1
87 silly idealTree ├── core-util-is@1.0.2
87 silly idealTree ├── cors@2.8.1
87 silly idealTree ├── coverage@0.0.0
87 silly idealTree ├── cryptiles@2.0.5
87 silly idealTree ├── currently-unhandled@0.4.1
87 silly idealTree ├── custom-event@1.0.1
87 silly idealTree ├─┬ dashdash@1.14.1
87 silly idealTree │ └── assert-plus@1.0.0
87 silly idealTree ├── dateformat@1.0.12
87 silly idealTree ├── debug@2.2.0
87 silly idealTree ├── decamelize@1.2.0
87 silly idealTree ├── deep-is@0.1.3
87 silly idealTree ├── deepmerge@0.2.10
87 silly idealTree ├── defaults@1.0.3
87 silly idealTree ├── delayed-stream@1.0.0
87 silly idealTree ├── depd@1.1.0
87 silly idealTree ├── deprecated@0.0.1
87 silly idealTree ├── destroy@1.0.4
87 silly idealTree ├── detect-file@0.1.0
87 silly idealTree ├── dev-ip@1.0.1
87 silly idealTree ├── di@0.0.1
87 silly idealTree ├── diff@1.4.0
87 silly idealTree ├── dom-serialize@2.2.1
87 silly idealTree ├── duplexer@0.1.1
87 silly idealTree ├── duplexer2@0.0.2
87 silly idealTree ├─┬ easy-extender@2.3.2
87 silly idealTree │ └── lodash@3.10.1
87 silly idealTree ├── eazy-logger@3.0.2
87 silly idealTree ├── ecc-jsbn@0.1.1
87 silly idealTree ├── ee-first@1.1.1
87 silly idealTree ├── emitter-steward@1.0.0
87 silly idealTree ├── encodeurl@1.0.1
87 silly idealTree ├── end-of-stream@0.1.5
87 silly idealTree ├─┬ engine.io-client@1.8.0
87 silly idealTree │ ├── component-emitter@1.2.1
87 silly idealTree │ ├── debug@2.3.3
87 silly idealTree │ └── ms@0.7.2
87 silly idealTree ├─┬ engine.io-parser@1.3.1
87 silly idealTree │ └── has-binary@0.1.6
87 silly idealTree ├─┬ engine.io@1.8.0
87 silly idealTree │ ├── debug@2.3.3
87 silly idealTree │ └── ms@0.7.2
87 silly idealTree ├── ent@2.2.0
87 silly idealTree ├── error-ex@1.3.0
87 silly idealTree ├── es6-promise@4.0.5
87 silly idealTree ├── escape-html@1.0.3
87 silly idealTree ├── escape-string-regexp@1.0.5
87 silly idealTree ├─┬ escodegen@1.8.1
87 silly idealTree │ └── source-map@0.2.0
87 silly idealTree ├── esprima@2.7.3
87 silly idealTree ├── estraverse@1.9.3
87 silly idealTree ├── esutils@2.0.2
87 silly idealTree ├── etag@1.7.0
87 silly idealTree ├── event-stream@3.2.2
87 silly idealTree ├── eventemitter3@1.2.0
87 silly idealTree ├─┬ expand-braces@0.1.2
87 silly idealTree │ ├── braces@0.1.5
87 silly idealTree │ ├── expand-range@0.1.1
87 silly idealTree │ ├── is-number@0.1.1
87 silly idealTree │ └── repeat-string@0.2.2
87 silly idealTree ├── expand-brackets@0.1.5
87 silly idealTree ├── expand-range@1.8.2
87 silly idealTree ├── expand-tilde@1.2.2
87 silly idealTree ├─┬ express@4.14.0
87 silly idealTree │ └── qs@6.2.0
87 silly idealTree ├── extend@3.0.0
87 silly idealTree ├── extglob@0.3.2
87 silly idealTree ├─┬ extract-zip@1.5.0
87 silly idealTree │ ├── debug@0.7.4
87 silly idealTree │ ├── minimist@0.0.8
87 silly idealTree │ └── mkdirp@0.5.0
87 silly idealTree ├── extsprintf@1.0.2
87 silly idealTree ├── fancy-log@1.2.0
87 silly idealTree ├── fast-levenshtein@2.0.5
87 silly idealTree ├── faye-websocket@0.7.3
87 silly idealTree ├── fd-slicer@1.0.1
87 silly idealTree ├── filename-regex@2.0.0
87 silly idealTree ├── fill-range@2.2.3
87 silly idealTree ├── finalhandler@0.5.0
87 silly idealTree ├── find-index@0.1.1
87 silly idealTree ├── find-up@1.1.2
87 silly idealTree ├── findup-sync@0.4.3
87 silly idealTree ├── fined@1.0.2
87 silly idealTree ├── first-chunk-stream@1.0.0
87 silly idealTree ├── flagged-respawn@0.3.2
87 silly idealTree ├── for-in@0.1.6
87 silly idealTree ├── for-own@0.1.4
87 silly idealTree ├── forever-agent@0.6.1
87 silly idealTree ├── form-data@2.1.2
87 silly idealTree ├── formidable@1.0.17
87 silly idealTree ├── forwarded@0.1.0
87 silly idealTree ├── fresh@0.3.0
87 silly idealTree ├── from@0.1.3
87 silly idealTree ├── fs-exists-sync@0.1.0
87 silly idealTree ├── fs-extra@1.0.0
87 silly idealTree ├── fs.realpath@1.0.0
87 silly idealTree ├── gaze@0.5.2
87 silly idealTree ├── generate-function@2.0.0
87 silly idealTree ├── generate-object-property@1.2.0
87 silly idealTree ├── get-caller-file@1.0.2
87 silly idealTree ├── get-stdin@4.0.1
87 silly idealTree ├─┬ getpass@0.1.6
87 silly idealTree │ └── assert-plus@1.0.0
87 silly idealTree ├── glob-base@0.3.0
87 silly idealTree ├── glob-parent@2.0.0
87 silly idealTree ├─┬ glob-stream@3.1.18
87 silly idealTree │ ├── readable-stream@1.0.34
87 silly idealTree │ └── through2@0.6.5
87 silly idealTree ├── glob-watcher@0.0.6
87 silly idealTree ├── glob@4.5.3
87 silly idealTree ├── glob2base@0.0.12
87 silly idealTree ├── global-modules@0.2.3
87 silly idealTree ├── global-prefix@0.1.5
87 silly idealTree ├─┬ globule@0.1.0
87 silly idealTree │ ├── glob@3.1.21
87 silly idealTree │ ├── graceful-fs@1.2.3
87 silly idealTree │ ├── inherits@1.0.2
87 silly idealTree │ └── minimatch@0.2.14
87 silly idealTree ├── glogg@1.0.0
87 silly idealTree ├── graceful-fs@4.1.11
87 silly idealTree ├── graceful-readlink@1.0.1
87 silly idealTree ├── growl@1.9.2
87 silly idealTree ├── gulp-live-server@0.0.30
87 silly idealTree ├── gulp-util@3.0.7
87 silly idealTree ├── gulp@3.9.1
87 silly idealTree ├── gulplog@1.0.0
87 silly idealTree ├─┬ handlebars@4.0.6
87 silly idealTree │ └── source-map@0.4.4
87 silly idealTree ├── har-validator@2.0.6
87 silly idealTree ├── has-ansi@2.0.0
87 silly idealTree ├── has-binary@0.1.7
87 silly idealTree ├── has-cors@1.1.0
87 silly idealTree ├── has-flag@1.0.0
87 silly idealTree ├── has-gulplog@0.1.0
87 silly idealTree ├── hasha@2.2.0
87 silly idealTree ├── hawk@3.1.3
87 silly idealTree ├── hoek@2.16.3
87 silly idealTree ├── homedir-polyfill@1.0.1
87 silly idealTree ├── hosted-git-info@2.1.5
87 silly idealTree ├── http-errors@1.5.1
87 silly idealTree ├── http-proxy@1.15.2
87 silly idealTree ├── http-signature@1.1.1
87 silly idealTree ├── iconv-lite@0.4.13
87 silly idealTree ├── immutable@3.8.1
87 silly idealTree ├── indent-string@2.1.0
87 silly idealTree ├── indexof@0.0.1
87 silly idealTree ├── inflight@1.0.6
87 silly idealTree ├── inherits@2.0.3
87 silly idealTree ├── ini@1.3.4
87 silly idealTree ├── interpret@1.0.1
87 silly idealTree ├── invert-kv@1.0.0
87 silly idealTree ├── ipaddr.js@1.1.1
87 silly idealTree ├── is-absolute@0.2.6
87 silly idealTree ├── is-arrayish@0.2.1
87 silly idealTree ├── is-binary-path@1.0.1
87 silly idealTree ├── is-buffer@1.1.4
87 silly idealTree ├── is-builtin-module@1.0.0
87 silly idealTree ├── is-dotfile@1.0.2
87 silly idealTree ├── is-equal-shallow@0.1.3
87 silly idealTree ├── is-extendable@0.1.1
87 silly idealTree ├── is-extglob@1.0.0
87 silly idealTree ├── is-finite@1.0.2
87 silly idealTree ├── is-fullwidth-code-point@1.0.0
87 silly idealTree ├── is-glob@2.0.1
87 silly idealTree ├── is-my-json-valid@2.15.0
87 silly idealTree ├── is-number-like@1.0.7
87 silly idealTree ├── is-number@2.1.0
87 silly idealTree ├── is-posix-bracket@0.1.1
87 silly idealTree ├── is-primitive@2.0.0
87 silly idealTree ├── is-property@1.0.2
87 silly idealTree ├── is-relative@0.2.1
87 silly idealTree ├── is-stream@1.1.0
87 silly idealTree ├── is-typedarray@1.0.0
87 silly idealTree ├── is-unc-path@0.1.2
87 silly idealTree ├── is-utf8@0.2.1
87 silly idealTree ├── is-windows@0.2.0
87 silly idealTree ├── isarray@0.0.1
87 silly idealTree ├── isbinaryfile@3.0.1
87 silly idealTree ├── isexe@1.1.2
87 silly idealTree ├─┬ isobject@2.1.0
87 silly idealTree │ └── isarray@1.0.0
87 silly idealTree ├── isstream@0.1.2
87 silly idealTree ├─┬ istanbul@0.4.5
87 silly idealTree │ ├── glob@5.0.15
87 silly idealTree │ ├── resolve@1.1.7
87 silly idealTree │ ├── supports-color@3.1.2
87 silly idealTree │ └── wordwrap@1.0.0
87 silly idealTree ├── jodid25519@1.0.2
87 silly idealTree ├── js-yaml@3.7.0
87 silly idealTree ├── jsbn@0.1.0
87 silly idealTree ├── json-schema@0.2.3
87 silly idealTree ├── json-stringify-safe@5.0.1
87 silly idealTree ├── json3@3.3.2
87 silly idealTree ├── jsonfile@2.4.0
87 silly idealTree ├── jsonpointer@4.0.0
87 silly idealTree ├── jsprim@1.3.1
87 silly idealTree ├─┬ karma-coverage@1.1.1
87 silly idealTree │ ├── lodash@3.10.1
87 silly idealTree │ └── minimatch@3.0.3
87 silly idealTree ├── karma-mocha-reporter@2.2.1
87 silly idealTree ├── karma-mocha@1.3.0
87 silly idealTree ├─┬ karma-phantomjs-launcher@1.0.2
87 silly idealTree │ └── lodash@4.17.2
87 silly idealTree ├─┬ karma@1.3.0
87 silly idealTree │ ├── accepts@1.1.4
87 silly idealTree │ ├── base64-arraybuffer@0.1.2
87 silly idealTree │ ├── engine.io-client@1.6.9
87 silly idealTree │ ├─┬ engine.io-parser@1.2.4
87 silly idealTree │ │ └── has-binary@0.1.6
87 silly idealTree │ ├── engine.io@1.6.10
87 silly idealTree │ ├── glob@7.1.1
87 silly idealTree │ ├── json3@3.2.6
87 silly idealTree │ ├── lodash@3.10.1
87 silly idealTree │ ├── mime-db@1.12.0
87 silly idealTree │ ├── mime-types@2.0.14
87 silly idealTree │ ├── mime@1.3.4
87 silly idealTree │ ├── minimatch@3.0.3
87 silly idealTree │ ├── negotiator@0.4.9
87 silly idealTree │ ├── parsejson@0.0.1
87 silly idealTree │ ├── parseqs@0.0.2
87 silly idealTree │ ├── parseuri@0.0.4
87 silly idealTree │ ├─┬ socket.io-adapter@0.4.0
87 silly idealTree │ │ └─┬ socket.io-parser@2.2.2
87 silly idealTree │ │   └── debug@0.7.4
87 silly idealTree │ ├─┬ socket.io-client@1.4.6
87 silly idealTree │ │ └── component-emitter@1.2.0
87 silly idealTree │ ├─┬ socket.io-parser@2.2.6
87 silly idealTree │ │ └── json3@3.3.2
87 silly idealTree │ ├── socket.io@1.4.7
87 silly idealTree │ ├── ws@1.0.1
87 silly idealTree │ └── xmlhttprequest-ssl@1.5.1
87 silly idealTree ├── kew@0.7.0
87 silly idealTree ├── kind-of@3.1.0
87 silly idealTree ├── klaw@1.3.1
87 silly idealTree ├── lazy-cache@1.0.4
87 silly idealTree ├── lcid@1.0.0
87 silly idealTree ├── levn@0.3.0
87 silly idealTree ├── liftoff@2.3.0
87 silly idealTree ├── limiter@1.1.0
87 silly idealTree ├── load-json-file@1.1.0
87 silly idealTree ├─┬ localtunnel@1.8.2
87 silly idealTree │ ├── camelcase@1.2.1
87 silly idealTree │ └── yargs@3.29.0
87 silly idealTree ├── lodash._baseassign@3.2.0
87 silly idealTree ├── lodash._basecopy@3.0.1
87 silly idealTree ├── lodash._basecreate@3.0.3
87 silly idealTree ├── lodash._basetostring@3.0.1
87 silly idealTree ├── lodash._basevalues@3.0.0
87 silly idealTree ├── lodash._getnative@3.9.1
87 silly idealTree ├── lodash._isiterateecall@3.0.9
87 silly idealTree ├── lodash._reescape@3.0.0
87 silly idealTree ├── lodash._reevaluate@3.0.0
87 silly idealTree ├── lodash._reinterpolate@3.0.0
87 silly idealTree ├── lodash._root@3.0.1
87 silly idealTree ├── lodash.assignwith@4.2.0
87 silly idealTree ├── lodash.create@3.1.1
87 silly idealTree ├── lodash.escape@3.2.0
87 silly idealTree ├── lodash.isarguments@3.1.0
87 silly idealTree ├── lodash.isarray@3.0.4
87 silly idealTree ├── lodash.isempty@4.4.0
87 silly idealTree ├── lodash.isfinite@3.3.2
87 silly idealTree ├── lodash.isplainobject@4.0.6
87 silly idealTree ├── lodash.isstring@4.0.1
87 silly idealTree ├── lodash.keys@3.1.2
87 silly idealTree ├── lodash.mapvalues@4.6.0
87 silly idealTree ├── lodash.pick@4.4.0
87 silly idealTree ├── lodash.restparam@3.6.1
87 silly idealTree ├── lodash.template@3.6.2
87 silly idealTree ├── lodash.templatesettings@3.1.1
87 silly idealTree ├── lodash@1.0.2
87 silly idealTree ├─┬ log4js@0.6.38
87 silly idealTree │ └── readable-stream@1.0.34
87 silly idealTree ├── longest@1.0.1
87 silly idealTree ├── loud-rejection@1.6.0
87 silly idealTree ├── lru-cache@2.7.3
87 silly idealTree ├── magic-string@0.14.0
87 silly idealTree ├── map-cache@0.2.2
87 silly idealTree ├── map-obj@1.0.1
87 silly idealTree ├── map-stream@0.1.0
87 silly idealTree ├── media-typer@0.3.0
87 silly idealTree ├─┬ meow@3.7.0
87 silly idealTree │ └── object-assign@4.1.0
87 silly idealTree ├── merge-descriptors@1.0.1
87 silly idealTree ├── methods@1.1.2
87 silly idealTree ├── micromatch@2.3.11
87 silly idealTree ├── mime-db@1.25.0
87 silly idealTree ├── mime-types@2.1.13
87 silly idealTree ├── mime@1.2.4
87 silly idealTree ├── minimatch@2.0.10
87 silly idealTree ├── minimist@1.2.0
87 silly idealTree ├─┬ mkdirp@0.5.1
87 silly idealTree │ └── minimist@0.0.8
87 silly idealTree ├─┬ mocha@3.2.0
87 silly idealTree │ ├── glob@7.0.5
87 silly idealTree │ ├── minimatch@3.0.3
87 silly idealTree │ └── supports-color@3.1.2
87 silly idealTree ├── ms@0.7.1
87 silly idealTree ├── multipipe@0.1.2
87 silly idealTree ├── natives@1.1.0
87 silly idealTree ├── negotiator@0.6.1
87 silly idealTree ├── node-uuid@1.4.7
87 silly idealTree ├── nopt@3.0.6
87 silly idealTree ├─┬ noptify@0.0.3
87 silly idealTree │ └── nopt@2.0.0
87 silly idealTree ├── normalize-package-data@2.3.5
87 silly idealTree ├── normalize-path@2.0.1
87 silly idealTree ├── number-is-nan@1.0.1
87 silly idealTree ├── oauth-sign@0.8.2
87 silly idealTree ├── object-assign@3.0.0
87 silly idealTree ├── object-component@0.0.3
87 silly idealTree ├── object-path@0.9.2
87 silly idealTree ├── object.omit@2.0.1
87 silly idealTree ├── on-finished@2.3.0
87 silly idealTree ├── once@1.3.3
87 silly idealTree ├── openurl@1.1.0
87 silly idealTree ├─┬ opn@4.0.2
87 silly idealTree │ └── object-assign@4.1.0
87 silly idealTree ├─┬ optimist@0.6.1
87 silly idealTree │ └── minimist@0.0.10
87 silly idealTree ├─┬ optionator@0.8.2
87 silly idealTree │ └── wordwrap@1.0.0
87 silly idealTree ├── options@0.0.6
87 silly idealTree ├── orchestrator@0.3.8
87 silly idealTree ├── ordered-read-streams@0.1.0
87 silly idealTree ├── os-homedir@1.0.2
87 silly idealTree ├── os-locale@1.4.0
87 silly idealTree ├── os-tmpdir@1.0.2
87 silly idealTree ├── parse-filepath@1.0.1
87 silly idealTree ├── parse-glob@3.0.4
87 silly idealTree ├── parse-json@2.2.0
87 silly idealTree ├── parse-passwd@1.0.0
87 silly idealTree ├── parsejson@0.0.3
87 silly idealTree ├── parseqs@0.0.5
87 silly idealTree ├── parseuri@0.0.5
87 silly idealTree ├── parseurl@1.3.1
87 silly idealTree ├── path-exists@2.1.0
87 silly idealTree ├── path-is-absolute@1.0.1
87 silly idealTree ├── path-root-regex@0.1.2
87 silly idealTree ├── path-root@0.1.1
87 silly idealTree ├── path-to-regexp@0.1.7
87 silly idealTree ├── path-type@1.1.0
87 silly idealTree ├── pause-stream@0.0.11
87 silly idealTree ├── pend@1.2.0
87 silly idealTree ├─┬ phantomjs-prebuilt@2.1.14
87 silly idealTree │ ├── qs@6.3.0
87 silly idealTree │ ├── request@2.79.0
87 silly idealTree │ └── uuid@3.0.1
87 silly idealTree ├── pify@2.3.0
87 silly idealTree ├── pinkie-promise@2.0.1
87 silly idealTree ├── pinkie@2.0.4
87 silly idealTree ├── portscanner@2.1.1
87 silly idealTree ├── prelude-ls@1.1.2
87 silly idealTree ├── preserve@0.2.0
87 silly idealTree ├── pretty-hrtime@1.0.3
87 silly idealTree ├── process-nextick-args@1.0.7
87 silly idealTree ├── progress@1.1.8
87 silly idealTree ├── proxy-addr@1.1.2
87 silly idealTree ├── punycode@1.4.1
87 silly idealTree ├── q@1.4.1
87 silly idealTree ├── qjobs@1.1.5
87 silly idealTree ├── qs@6.2.1
87 silly idealTree ├── randomatic@1.1.6
87 silly idealTree ├── range-parser@1.2.0
87 silly idealTree ├── raw-body@2.1.7
87 silly idealTree ├── read-pkg-up@1.0.1
87 silly idealTree ├── read-pkg@1.1.0
87 silly idealTree ├── readable-stream@1.1.14
87 silly idealTree ├─┬ readdirp@2.1.0
87 silly idealTree │ ├── isarray@1.0.0
87 silly idealTree │ ├─┬ minimatch@3.0.3
87 silly idealTree │ │ └── brace-expansion@1.1.6
87 silly idealTree │ └── readable-stream@2.2.2
87 silly idealTree ├── rechoir@0.6.2
87 silly idealTree ├── redent@1.0.0
87 silly idealTree ├── regex-cache@0.4.3
87 silly idealTree ├── repeat-element@1.1.2
87 silly idealTree ├── repeat-string@1.6.1
87 silly idealTree ├── repeating@2.0.1
87 silly idealTree ├── replace-ext@0.0.1
87 silly idealTree ├── request-progress@2.0.1
87 silly idealTree ├─┬ request@2.78.0
87 silly idealTree │ └── qs@6.3.0
87 silly idealTree ├── require-directory@2.1.1
87 silly idealTree ├── require-main-filename@1.0.1
87 silly idealTree ├── requires-port@1.0.0
87 silly idealTree ├── resolve-dir@0.1.1
87 silly idealTree ├── resolve@1.2.0
87 silly idealTree ├─┬ resp-modifier@6.0.2
87 silly idealTree │ └── minimatch@3.0.3
87 silly idealTree ├── right-align@0.1.3
87 silly idealTree ├─┬ rimraf@2.5.4
87 silly idealTree │ ├── glob@7.1.1
87 silly idealTree │ └── minimatch@3.0.3
87 silly idealTree ├── rx@4.1.0
87 silly idealTree ├── semver@4.3.6
87 silly idealTree ├─┬ send@0.14.1
87 silly idealTree │ └── mime@1.3.4
87 silly idealTree ├── sequencify@0.0.7
87 silly idealTree ├── serve-index@1.8.0
87 silly idealTree ├── serve-static@1.11.1
87 silly idealTree ├── server-destroy@1.0.1
87 silly idealTree ├── set-blocking@2.0.0
87 silly idealTree ├── set-immediate-shim@1.0.1
87 silly idealTree ├── setprototypeof@1.0.2
87 silly idealTree ├── sigmund@1.0.1
87 silly idealTree ├── signal-exit@3.0.2
87 silly idealTree ├── sntp@1.0.9
87 silly idealTree ├─┬ socket.io-adapter@0.5.0
87 silly idealTree │ ├── debug@2.3.3
87 silly idealTree │ └── ms@0.7.2
87 silly idealTree ├─┬ socket.io-client@1.6.0
87 silly idealTree │ ├── component-emitter@1.2.1
87 silly idealTree │ ├── debug@2.3.3
87 silly idealTree │ └── ms@0.7.2
87 silly idealTree ├── socket.io-parser@2.3.1
87 silly idealTree ├─┬ socket.io@1.6.0
87 silly idealTree │ ├── debug@2.3.3
87 silly idealTree │ ├── ms@0.7.2
87 silly idealTree │ └── object-assign@4.1.0
87 silly idealTree ├── source-map@0.5.6
87 silly idealTree ├── sparkles@1.0.0
87 silly idealTree ├── spdx-correct@1.0.2
87 silly idealTree ├── spdx-expression-parse@1.0.4
87 silly idealTree ├── spdx-license-ids@1.2.2
87 silly idealTree ├── split@0.3.3
87 silly idealTree ├── sprintf-js@1.0.3
87 silly idealTree ├─┬ sshpk@1.10.1
87 silly idealTree │ └── assert-plus@1.0.0
87 silly idealTree ├── statuses@1.3.1
87 silly idealTree ├── stream-combiner@0.0.4
87 silly idealTree ├── stream-consume@0.1.0
87 silly idealTree ├── stream-throttle@0.1.3
87 silly idealTree ├── string_decoder@0.10.31
87 silly idealTree ├── string-width@1.0.2
87 silly idealTree ├── stringstream@0.0.5
87 silly idealTree ├── strip-ansi@3.0.1
87 silly idealTree ├── strip-bom@2.0.0
87 silly idealTree ├── strip-indent@1.0.1
87 silly idealTree ├── supports-color@2.0.0
87 silly idealTree ├── tfunk@3.0.2
87 silly idealTree ├── throttleit@1.0.0
87 silly idealTree ├── through@2.3.8
87 silly idealTree ├─┬ through2@2.0.3
87 silly idealTree │ ├── isarray@1.0.0
87 silly idealTree │ └── readable-stream@2.2.2
87 silly idealTree ├── tildify@1.2.0
87 silly idealTree ├── time-stamp@1.0.1
87 silly idealTree ├─┬ tiny-lr@0.0.9
87 silly idealTree │ ├── debug@0.8.1
87 silly idealTree │ └── qs@0.6.6
87 silly idealTree ├── tmp@0.0.28
87 silly idealTree ├── to-array@0.1.4
87 silly idealTree ├── tough-cookie@2.3.2
87 silly idealTree ├── trim-newlines@1.0.0
87 silly idealTree ├── tunnel-agent@0.4.3
87 silly idealTree ├── tweetnacl@0.14.5
87 silly idealTree ├── type-check@0.3.2
87 silly idealTree ├── type-is@1.6.14
87 silly idealTree ├── typedarray@0.0.6
87 silly idealTree ├── ua-parser-js@0.7.12
87 silly idealTree ├─┬ uglify-js@2.7.5
87 silly idealTree │ ├── async@0.2.10
87 silly idealTree │ ├── camelcase@1.2.1
87 silly idealTree │ ├── cliui@2.1.0
87 silly idealTree │ ├── window-size@0.1.0
87 silly idealTree │ ├── wordwrap@0.0.2
87 silly idealTree │ └── yargs@3.10.0
87 silly idealTree ├── uglify-to-browserify@1.0.2
87 silly idealTree ├── ultron@1.0.2
87 silly idealTree ├── unc-path-regex@0.1.2
87 silly idealTree ├── underscore@1.7.0
87 silly idealTree ├── unique-stream@1.0.0
87 silly idealTree ├── unpipe@1.0.0
87 silly idealTree ├── user-home@1.1.1
87 silly idealTree ├─┬ useragent@2.1.9
87 silly idealTree │ └── lru-cache@2.2.4
87 silly idealTree ├── utf8@2.1.0
87 silly idealTree ├── util-deprecate@1.0.2
87 silly idealTree ├── utils-merge@1.0.0
87 silly idealTree ├── v8flags@2.0.11
87 silly idealTree ├── validate-npm-package-license@3.0.1
87 silly idealTree ├── vary@1.1.0
87 silly idealTree ├── verror@1.3.6
87 silly idealTree ├─┬ vinyl-fs@0.3.14
87 silly idealTree │ ├── clone@0.2.0
87 silly idealTree │ ├── graceful-fs@3.0.11
87 silly idealTree │ ├── readable-stream@1.0.34
87 silly idealTree │ ├── strip-bom@1.0.0
87 silly idealTree │ ├── through2@0.6.5
87 silly idealTree │ └── vinyl@0.4.6
87 silly idealTree ├── vinyl@0.5.3
87 silly idealTree ├── vlq@0.2.1
87 silly idealTree ├── void-elements@2.0.1
87 silly idealTree ├── websocket-driver@0.6.5
87 silly idealTree ├── websocket-extensions@0.1.1
87 silly idealTree ├─┬ weinre@2.0.0-pre-I0Z7U9OV
87 silly idealTree │ ├── connect@1.9.2
87 silly idealTree │ ├── express@2.5.11
87 silly idealTree │ ├── mkdirp@0.3.0
87 silly idealTree │ └── qs@0.4.2
87 silly idealTree ├── which-module@1.0.0
87 silly idealTree ├── which@1.2.12
87 silly idealTree ├── window-size@0.1.4
87 silly idealTree ├── wordwrap@0.0.3
87 silly idealTree ├── wrap-ansi@2.1.0
87 silly idealTree ├── wrappy@1.0.2
87 silly idealTree ├── ws@1.1.1
87 silly idealTree ├── wtf-8@1.0.0
87 silly idealTree ├── xmlhttprequest-ssl@1.5.3
87 silly idealTree ├── xtend@4.0.1
87 silly idealTree ├── y18n@3.2.1
87 silly idealTree ├─┬ yargs-parser@4.2.0
87 silly idealTree │ └── camelcase@3.0.0
87 silly idealTree ├─┬ yargs@6.4.0
87 silly idealTree │ ├── camelcase@3.0.0
87 silly idealTree │ └── window-size@0.2.0
87 silly idealTree ├── yauzl@2.4.1
87 silly idealTree └── yeast@0.1.2
88 silly generateActionsToTake Starting
89 silly install generateActionsToTake
90 silly generateActionsToTake Finishing
91 silly diffTrees action count 1
92 silly diffTrees add coverage@0.0.0
93 silly decomposeActions action count 8
94 silly decomposeActions fetch coverage@0.0.0
95 silly decomposeActions extract coverage@0.0.0
96 silly decomposeActions test coverage@0.0.0
97 silly decomposeActions preinstall coverage@0.0.0
98 silly decomposeActions build coverage@0.0.0
99 silly decomposeActions install coverage@0.0.0
100 silly decomposeActions postinstall coverage@0.0.0
101 silly decomposeActions finalize coverage@0.0.0
102 silly executeActions Starting
103 silly install executeActions
104 silly doSerial global-install 0
105 silly doParallel fetch 1
106 verbose lock using /home/laozi/.npm/_locks/staging-ce8e49cfee262e8e.lock for /home/laozi/Documents/angularjs/tdd/node_modules/.staging
107 silly doParallel extract 1
108 silly extract coverage@0.0.0
109 verbose unbuild node_modules/.staging/coverage-206daf9d
110 silly gentlyRm /home/laozi/Documents/angularjs/tdd/node_modules/.staging/coverage-206daf9d is being purged from base /home/laozi/Documents/angularjs/tdd
111 verbose gentlyRm don't care about contents; nuking /home/laozi/Documents/angularjs/tdd/node_modules/.staging/coverage-206daf9d
112 verbose tar unpack /home/laozi/.npm/coverage/0.0.0/package.tgz
113 verbose tar unpacking to /home/laozi/Documents/angularjs/tdd/node_modules/.staging/coverage-206daf9d
114 silly gentlyRm /home/laozi/Documents/angularjs/tdd/node_modules/.staging/coverage-206daf9d is being purged
115 verbose gentlyRm don't care about contents; nuking /home/laozi/Documents/angularjs/tdd/node_modules/.staging/coverage-206daf9d
116 silly gunzTarPerm modes [ '775', '664' ]
117 silly gunzTarPerm extractEntry
118 silly gunzTarPerm modified mode [ '', 493, 509 ]
119 silly gunzTarPerm extractEntry bin/
120 silly gunzTarPerm modified mode [ 'bin/', 493, 509 ]
121 silly gunzTarPerm extractEntry LICENSE
122 silly gunzTarPerm modified mode [ 'LICENSE', 420, 436 ]
123 silly gunzTarPerm extractEntry Makefile
124 silly gunzTarPerm modified mode [ 'Makefile', 420, 436 ]
125 silly gunzTarPerm extractEntry package.json
126 silly gunzTarPerm modified mode [ 'package.json', 420, 436 ]
127 silly gunzTarPerm extractEntry README.markdown
128 silly gunzTarPerm modified mode [ 'README.markdown', 420, 436 ]
129 silly gunzTarPerm extractEntry bin/nodecoverage.js
130 silly gunzTarPerm modified mode [ 'bin/nodecoverage.js', 493, 509 ]
131 silly gentlyRm /home/laozi/Documents/angularjs/tdd/node_modules/.staging/coverage-206daf9d/node_modules is being purged
132 verbose gentlyRm don't care about contents; nuking /home/laozi/Documents/angularjs/tdd/node_modules/.staging/coverage-206daf9d/node_modules
133 silly doParallel preinstall 1
134 silly preinstall coverage@0.0.0 /home/laozi/Documents/angularjs/tdd/node_modules/.staging/coverage-206daf9d
135 info lifecycle coverage@0.0.0~preinstall: coverage@0.0.0
136 silly lifecycle coverage@0.0.0~preinstall: no script for preinstall, continuing
137 silly doReverseSerial remove 0
138 silly doSerial move 0
139 silly doSerial finalize 1
140 silly finalize /home/laozi/Documents/angularjs/tdd/node_modules/coverage
141 silly doSerial build 1
142 silly build coverage@0.0.0
143 info linkStuff coverage@0.0.0
144 silly linkStuff coverage@0.0.0 has /home/laozi/Documents/angularjs/tdd/node_modules as its parent node_modules
145 verbose linkBins coverage@0.0.0
146 verbose link bins [ { nodecoverage: './bin/nodecoverage' },
146 verbose link bins   '/home/laozi/Documents/angularjs/tdd/node_modules/.bin',
146 verbose link bins   false ]
147 verbose linkMans coverage@0.0.0
148 verbose unlock done using /home/laozi/.npm/_locks/staging-ce8e49cfee262e8e.lock for /home/laozi/Documents/angularjs/tdd/node_modules/.staging
149 silly rollbackFailedOptional Starting
150 silly rollbackFailedOptional Finishing
151 silly runTopLevelLifecycles Starting
152 silly runTopLevelLifecycles Finishing
153 silly install printInstalled
154 warn optional Skipping failed optional dependency /chokidar/fsevents:
155 warn notsup Not compatible with your operating system or architecture: fsevents@1.0.15
156 warn tdd@1.0.0 No description
157 warn tdd@1.0.0 No repository field.
158 verbose stack Error: ENOENT: no such file or directory, chmod '/home/laozi/Documents/angularjs/tdd/node_modules/coverage/bin/nodecoverage'
158 verbose stack     at Error (native)
159 verbose cwd /home/laozi/Documents/angularjs/tdd
160 error Linux 4.4.0-53-generic
161 error argv "/usr/bin/nodejs" "/usr/bin/npm" "install" "coverage" "--save-dev"
162 error node v4.2.6
163 error npm  v3.5.2
164 error path /home/laozi/Documents/angularjs/tdd/node_modules/coverage/bin/nodecoverage
165 error code ENOENT
166 error errno -2
167 error syscall chmod
168 error enoent ENOENT: no such file or directory, chmod '/home/laozi/Documents/angularjs/tdd/node_modules/coverage/bin/nodecoverage'
169 error enoent ENOENT: no such file or directory, chmod '/home/laozi/Documents/angularjs/tdd/node_modules/coverage/bin/nodecoverage'
169 error enoent This is most likely not a problem with npm itself
169 error enoent and is related to npm not being able to find a file.
170 verbose exit [ -2, true ]
